converting 1 920801_080923_ATHENS-NOA.lev15
converting 2 920801_080923_Abisko.lev15
converting 3 920801_080923_Abracos_Hill.lev15
converting 4 920801_080923_Abu_Al_Bukhoosh.lev15
converting 5 920801_080923_Abu_Dhabi.lev15
converting 6 920801_080923_Adelaide_Site_7.lev15
converting 7 920801_080923_Agoufou.lev15
converting 8 920801_080923_Agri_School.lev15
converting 9 920801_080923_Aguas_Emendadas.lev15
converting 10 920801_080923_Aguascalientes.lev15
converting 11 920801_080923_Ahi_De_Cara.lev15
converting 12 920801_080923_Ahmedabad.lev15
converting 13 920801_080923_Aire_Adour.lev15
converting 14 920801_080923_Al_Ain.lev15
converting 15 920801_080923_Al_Dhafra.lev15
converting 16 920801_080923_Al_Khaznah.lev15
converting 17 920801_080923_Al_Qlaa.lev15
converting 18 920801_080923_Albany_Oregon.lev15
converting 19 920801_080923_Albuquerque.lev15
converting 20 920801_080923_Alta_Floresta.lev15
converting 21 920801_080923_Ames.lev15
converting 22 920801_080923_Amsterdam_Island.lev15
converting 23 920801_080923_Andenes.lev15
converting 24 920801_080923_Andros_Island.lev15
converting 25 920801_080923_Angiola.lev15
converting 26 920801_080923_Anmyon.lev15
converting 27 920801_080923_AntarcticaDomeC.lev15
converting 28 920801_080923_Appledore_Island.lev15
converting 29 920801_080923_Arica.lev15
converting 30 920801_080923_Ariquiums.lev15
converting 31 920801_080923_Arizona.lev15
converting 32 920801_080923_Armilla.lev15
converting 33 920801_080923_Ascension_Island.lev15
converting 34 920801_080923_Asia1.lev15
converting 35 920801_080923_Autilla.lev15
converting 36 920801_080923_Avignon.lev15
converting 37 920801_080923_Azores.lev15
converting 38 920801_080923_BAHRAIN.lev15
converting 39 920801_080923_BEIJING_2002.lev15
converting 40 920801_080923_BONDVILLE.lev15
converting 41 920801_080923_BORDEAUX.lev15
converting 42 920801_080923_BSRN_BAO_Boulder.lev15
converting 43 920801_080923_Bac_Giang.lev15
converting 44 920801_080923_Bac_Lieu.lev15
converting 45 920801_080923_BackGarden_GZ.lev15
converting 46 920801_080923_Bahrain.lev15
converting 47 920801_080923_Balbina.lev15
converting 48 920801_080923_Baneasa.lev15
converting 49 920801_080923_Banizoumbou.lev15
converting 50 920801_080923_Barbados.lev15
converting 51 920801_080923_Barcelona.lev15
converting 52 920801_080923_Bareilly.lev15
converting 53 920801_080923_Barnaul.lev15
converting 54 920801_080923_Barrow.lev15
converting 55 920801_080923_Beijing.lev15
converting 56 920801_080923_Belsk.lev15
converting 57 920801_080923_Belterra.lev15
converting 58 920801_080923_Ben_McDhui.lev15
converting 59 920801_080923_Bermuda.lev15
converting 60 920801_080923_Bethlehem.lev15
converting 61 920801_080923_Biarritz.lev15
converting 62 920801_080923_Bidi_Bahn.lev15
converting 63 920801_080923_Big_Meadows.lev15
converting 64 920801_080923_Biggs.lev15
converting 65 920801_080923_Billerica.lev15
converting 66 920801_080923_Birdsville.lev15
converting 67 920801_080923_Black_Forest_AMF.lev15
converting 68 920801_080923_Blida.lev15
converting 69 920801_080923_Bodele.lev15
converting 70 920801_080923_Bonanza_Creek.lev15
converting 71 920801_080923_Bonanza_Creek_2.lev15
converting 72 920801_080923_Bondoukoui.lev15
converting 73 920801_080923_Bordman.lev15
converting 74 920801_080923_Boulder.lev15
converting 75 920801_080923_Bozeman.lev15
converting 76 920801_080923_Bragansa.lev15
converting 77 920801_080923_Brasilia.lev15
converting 78 920801_080923_Bratts_Lake.lev15
converting 79 920801_080923_Brookhaven.lev15
converting 80 920801_080923_Brussels.lev15
converting 81 920801_080923_Bucarest.lev15
converting 82 920801_080923_Bucharest_Inoe.lev15
converting 83 920801_080923_Buena_Vista.lev15
converting 84 920801_080923_Burjassot.lev15
converting 85 920801_080923_Burtonsville.lev15
converting 86 920801_080923_Bushland.lev15
converting 87 920801_080923_CAMPO_VERDE.lev15
converting 88 920801_080923_CANDLE_LAKE.lev15
converting 89 920801_080923_CARTEL.lev15
converting 90 920801_080923_CART_SITE.lev15
converting 91 920801_080923_CCNY.lev15
converting 92 920801_080923_CEILAP-BA.lev15
converting 93 920801_080923_CEILAP-RG.lev15
converting 94 920801_080923_CEILAP-UTN.lev15
converting 95 920801_080923_COVE.lev15
converting 96 920801_080923_COVE_SEAPRISM.lev15
converting 97 920801_080923_CRETE.lev15
converting 98 920801_080923_CRPSM_Malindi.lev15
converting 99 920801_080923_CRYSTAL_FACE.lev15
converting 100 920801_080923_CUIABA-MIRANDA.lev15
converting 101 920801_080923_CUIABA_01.lev15
converting 102 920801_080923_CUIABA_02.lev15
converting 103 920801_080923_Cabauw.lev15
converting 104 920801_080923_Cabo_Raso.lev15
converting 105 920801_080923_Cabo_da_Roca.lev15
converting 106 920801_080923_Caceres.lev15
converting 107 920801_080923_Cairo_EMA.lev15
converting 108 920801_080923_Cairo_University.lev15
converting 109 920801_080923_Calipso_Ashburn.lev15
converting 110 920801_080923_Calipso_Bowers_Rd.lev15
converting 111 920801_080923_Calipso_Braddock_Rd.lev15
converting 112 920801_080923_Calipso_Brookview.lev15
converting 113 920801_080923_Calipso_Church_H_Rd.lev15
converting 114 920801_080923_Calipso_Church_Hill.lev15
converting 115 920801_080923_Calipso_Cooper_Rd.lev15
converting 116 920801_080923_Calipso_Crouse_Mill.lev15
converting 117 920801_080923_Calipso_Dean_Rd.lev15
converting 118 920801_080923_Calipso_Fincastle.lev15
converting 119 920801_080923_Calipso_Flat_Iron.lev15
converting 120 920801_080923_Calipso_Harrison_Rd.lev15
converting 121 920801_080923_Calipso_Hillsboro.lev15
converting 122 920801_080923_Calipso_Hillsboro_E.lev15
converting 123 920801_080923_Calipso_Hurlock.lev15
converting 124 920801_080923_Calipso_Kennedyvill.lev15
converting 125 920801_080923_Calipso_Kinchaloe.lev15
converting 126 920801_080923_Calipso_Loudon_Rd.lev15
converting 127 920801_080923_Calipso_Mardela_Spr.lev15
converting 128 920801_080923_Calipso_Morgnec_Rd.lev15
converting 129 920801_080923_Calipso_NUFerry_Rd.lev15
converting 130 920801_080923_Calipso_Ninetown_Rd.lev15
converting 131 920801_080923_Calipso_Ormand_MS.lev15
converting 132 920801_080923_Calipso_Peckman_Frm.lev15
converting 133 920801_080923_Calipso_Perryville.lev15
converting 134 920801_080923_Calipso_Pine_Cove.lev15
converting 135 920801_080923_Calipso_Poplar_Tree.lev15
converting 136 920801_080923_Calipso_Price.lev15
converting 137 920801_080923_Calipso_Princess_An.lev15
converting 138 920801_080923_Calipso_Prt_Deposit.lev15
converting 139 920801_080923_Calipso_Ridgely.lev15
converting 140 920801_080923_Calipso_Sanders_ES.lev15
converting 141 920801_080923_Calipso_Sterling_PO.lev15
converting 142 920801_080923_Calipso_Strasburg.lev15
converting 143 920801_080923_Calipso_Tuckahoe.lev15
converting 144 920801_080923_Calipso_Vienna.lev15
converting 145 920801_080923_Calipso_W_Mardela.lev15
converting 146 920801_080923_Calipso_W_Strasburg.lev15
converting 147 920801_080923_Calipso_Washtn_High.lev15
converting 148 920801_080923_Calipso_West_Denton.lev15
converting 149 920801_080923_Calipso_Westfield_H.lev15
converting 150 920801_080923_Calipso_White_Marsh.lev15
converting 151 920801_080923_Calipso_WillistonLk.lev15
converting 152 920801_080923_Calipso_WofDenton.lev15
converting 153 920801_080923_Calipso_Zion.lev15
converting 154 920801_080923_Campo_Grande.lev15
converting 155 920801_080923_Campo_Grande_SONDA.lev15
converting 156 920801_080923_Canberra.lev15
converting 157 920801_080923_Cape_San_Juan.lev15
converting 158 920801_080923_Capo_Verde.lev15
converting 159 920801_080923_Carlsbad.lev15
converting 160 920801_080923_Carpentras.lev15
converting 161 920801_080923_Cart_Site.lev15
converting 162 920801_080923_Cartel_X.lev15
converting 163 920801_080923_Catonsville.lev15
converting 164 920801_080923_Chao_Jou.lev15
converting 165 920801_080923_Chapada.lev15
converting 166 920801_080923_Chapais.lev15
converting 167 920801_080923_Chebogue_Point.lev15
converting 168 920801_080923_Chen-Kung_Univ.lev15
converting 169 920801_080923_Chequamegon.lev15
converting 170 920801_080923_Cheritan.lev15
converting 171 920801_080923_Chiang_Mai.lev15
converting 172 920801_080923_Chiang_Mai_Met_Sta.lev15
converting 173 920801_080923_Chilbolton.lev15
converting 174 920801_080923_China_Lake.lev15
converting 175 920801_080923_Chinhae.lev15
converting 176 920801_080923_Chitrakoot.lev15
converting 177 920801_080923_Chulalongkorn.lev15
converting 178 920801_080923_Churchill.lev15
converting 179 920801_080923_City_GZ.lev15
converting 180 920801_080923_Clermont_Ferrand.lev15
converting 181 920801_080923_Clifton_Park.lev15
converting 182 920801_080923_Coconut_Island.lev15
converting 183 920801_080923_Cold_Lake.lev15
converting 184 920801_080923_Coleambally.lev15
converting 185 920801_080923_Colorado.lev15
converting 186 920801_080923_Columbia_SC.lev15
converting 187 920801_080923_Concepcion.lev15
converting 188 920801_080923_Corcoran.lev15
converting 189 920801_080923_Cordoba-CETT.lev15
converting 190 920801_080923_Creteil.lev15
converting 191 920801_080923_Crozet_Island.lev15
converting 192 920801_080923_Cuiaba.lev15
converting 193 920801_080923_DMN_Maine_Soroa.lev15
converting 194 920801_080923_Dahkla.lev15
converting 195 920801_080923_Dakar.lev15
converting 196 920801_080923_Dalanzadgad.lev15
converting 197 920801_080923_Dalma.lev15
converting 198 920801_080923_Darwin.lev15
converting 199 920801_080923_Davos.lev15
converting 200 920801_080923_Dead_Horse.lev15
converting 201 920801_080923_Dead_Sea.lev15
converting 202 920801_080923_Dhabi.lev15
converting 203 920801_080923_Dhadnah.lev15
converting 204 920801_080923_Dharwar.lev15
converting 205 920801_080923_Dilar.lev15
converting 206 920801_080923_Djougou.lev15
converting 207 920801_080923_Dongsha_Island.lev15
converting 208 920801_080923_Dry_Tortugas.lev15
converting 209 920801_080923_Dunedin.lev15
converting 210 920801_080923_Dunhuang.lev15
converting 211 920801_080923_Dunkerque.lev15
converting 212 920801_080923_EIM-Sindos.lev15
converting 213 920801_080923_EOPACE1.lev15
converting 214 920801_080923_EOPACE2.lev15
converting 215 920801_080923_EPA-NCU.lev15
converting 216 920801_080923_ETNA.lev15
converting 217 920801_080923_EVK2-CNR.lev15
converting 218 920801_080923_Egbert.lev15
converting 219 920801_080923_Egbert_X.lev15
converting 220 920801_080923_Eilat.lev15
converting 221 920801_080923_El_Arenosillo.lev15
converting 222 920801_080923_El_Refugio.lev15
converting 223 920801_080923_Ellington_Field.lev15
converting 224 920801_080923_Epanomi.lev15
converting 225 920801_080923_Ersa.lev15
converting 226 920801_080923_Etosha_Pan.lev15
converting 227 920801_080923_Evora.lev15
converting 228 920801_080923_FLIN_FLON.lev15
converting 229 920801_080923_FORTH_CRETE.lev15
converting 230 920801_080923_Flor_De_Oro.lev15
converting 231 920801_080923_Fontainebleau.lev15
converting 232 920801_080923_Fort_McMurray.lev15
converting 233 920801_080923_Frederick_Douglas.lev15
converting 234 920801_080923_Frenchman_Flat.lev15
converting 235 920801_080923_Fresno.lev15
converting 236 920801_080923_Fresno_X.lev15
converting 237 920801_080923_GISS.lev15
converting 238 920801_080923_GOA_INDIA.lev15
converting 239 920801_080923_GORDO_rest.lev15
converting 240 920801_080923_GSFC.lev15
converting 241 920801_080923_Gaithersburg.lev15
converting 242 920801_080923_Gandhi_College.lev15
converting 243 920801_080923_Gerlitzen.lev15
converting 244 920801_080923_Glendale_Park.lev15
converting 245 920801_080923_Gosan_SNU.lev15
converting 246 920801_080923_Gotland.lev15
converting 247 920801_080923_Granada.lev15
converting 248 920801_080923_Great_Falls.lev15
converting 249 920801_080923_Greenbelt_Park.lev15
converting 250 920801_080923_Guadeloup.lev15
converting 251 920801_080923_Guam.lev15
converting 252 920801_080923_Gustav_Dalen_Tower.lev15
converting 253 920801_080923_Gwangju_K-JIST.lev15
converting 254 920801_080923_HAMI.lev15
converting 255 920801_080923_HJAndrews.lev15
converting 256 920801_080923_Hagerstown.lev15
converting 257 920801_080923_Halifax.lev15
converting 258 920801_080923_Hamburg.lev15
converting 259 920801_080923_Hamilton_El_MS.lev15
converting 260 920801_080923_Hamim.lev15
converting 261 920801_080923_Hampton_Roads.lev15
converting 262 920801_080923_Hand_E_050608.lev15
converting 263 920801_080923_Hand_E_060708.lev15
converting 264 920801_080923_Hand_E_062308.lev15
converting 265 920801_080923_Hand_Kanpur_North.lev15
converting 266 920801_080923_Hand_Kanpur_Panki.lev15
converting 267 920801_080923_Hand_Kanpur_RR.lev15
converting 268 920801_080923_Hand_Kanpur_South.lev15
converting 269 920801_080923_Hand_N_050608.lev15
converting 270 920801_080923_Hand_N_060708.lev15
converting 271 920801_080923_Hand_N_062308.lev15
converting 272 920801_080923_Hand_S_050608.lev15
converting 273 920801_080923_Hand_S_060708.lev15
converting 274 920801_080923_Hand_S_062308.lev15
converting 275 920801_080923_Hand_W_050608.lev15
converting 276 920801_080923_Hand_W_060708.lev15
converting 277 920801_080923_Hand_W_062308.lev15
converting 278 920801_080923_Hangzhou-ZFU.lev15
converting 279 920801_080923_Hangzhou_City.lev15
converting 280 920801_080923_Harvard_Forest.lev15
converting 281 920801_080923_Hawaii.lev15
converting 282 920801_080923_Hefei.lev15
converting 283 920801_080923_Helgoland.lev15
converting 284 920801_080923_Helsinki_Lighthouse.lev15
converting 285 920801_080923_Hermosillo.lev15
converting 286 920801_080923_Hog_Island.lev15
converting 287 920801_080923_Homburi.lev15
converting 288 920801_080923_Hong_Kong_Hok_Tsui.lev15
converting 289 920801_080923_Hong_Kong_PolyU.lev15
converting 290 920801_080923_Honolulu.lev15
converting 291 920801_080923_Hornsund.lev15
converting 292 920801_080923_Hotan.lev15
converting 293 920801_080923_Howland.lev15
converting 294 920801_080923_Hua_Hin.lev15
converting 295 920801_080923_Huang_Shan.lev15
converting 296 920801_080923_Hyytiala.lev15
converting 297 920801_080923_ICIPE-Mbita.lev15
converting 298 920801_080923_IER_Cinzana.lev15
converting 299 920801_080923_IFT-Leipzig.lev15
converting 300 920801_080923_IHOP-Homestead.lev15
converting 301 920801_080923_IMAA_Potenza.lev15
converting 302 920801_080923_IMC_Oristano.lev15
converting 303 920801_080923_IMS-METU-ERDEMLI.lev15
converting 304 920801_080923_ISDGM_CNR.lev15
converting 305 920801_080923_Ilorin.lev15
converting 306 920801_080923_Inhaca.lev15
converting 307 920801_080923_Inner_Mongolia.lev15
converting 308 920801_080923_Iqaluit.lev15
converting 309 920801_080923_Irkutsk.lev15
converting 310 920801_080923_Ispra.lev15
converting 311 920801_080923_Issyk-Kul.lev15
converting 312 920801_080923_Izana.lev15
converting 313 920801_080923_JARU_TOWN.lev15
converting 314 920801_080923_JUNGFRAU.lev15
converting 315 920801_080923_Jabal_Hafeet.lev15
converting 316 920801_080923_Jabiru.lev15
converting 317 920801_080923_JamTown.lev15
converting 318 920801_080923_Jamari.lev15
converting 319 920801_080923_Jaru.lev15
converting 320 920801_080923_Jaru_Reserve.lev15
converting 321 920801_080923_Ji_Parana.lev15
converting 322 920801_080923_Ji_Parana_SE.lev15
converting 323 920801_080923_Ji_Parana_UNIR.lev15
converting 324 920801_080923_Joberg.lev15
converting 325 920801_080923_JonesERC.lev15
converting 326 920801_080923_Jornada.lev15
converting 327 920801_080923_Jug_Bay.lev15
converting 328 920801_080923_KONZA_EDC.lev15
converting 329 920801_080923_Kaashidhoo.lev15
converting 330 920801_080923_Kaloma.lev15
converting 331 920801_080923_Kandahar.lev15
converting 332 920801_080923_Kangerlussuaq.lev15
converting 333 920801_080923_Kanpur.lev15
converting 334 920801_080923_Kanpur_Central_RR.lev15
converting 335 920801_080923_Kanzelhohe_Obs.lev15
converting 336 920801_080923_Kaoma.lev15
converting 337 920801_080923_Kapoho.lev15
converting 338 920801_080923_Karachi.lev15
converting 339 920801_080923_Karlsruhe.lev15
converting 340 920801_080923_Kasama.lev15
converting 341 920801_080923_Katibougou.lev15
converting 342 920801_080923_Kejimkujik.lev15
converting 343 920801_080923_Kellogg_LTER.lev15
converting 344 920801_080923_Kelowna.lev15
converting 345 920801_080923_Key_Biscayne.lev15
converting 346 920801_080923_Kibale.lev15
converting 347 920801_080923_Kirtland_AFB.lev15
converting 348 920801_080923_Kolfield.lev15
converting 349 920801_080923_Kolimbari.lev15
converting 350 920801_080923_Konza.lev15
converting 351 920801_080923_Krasnoyarsk.lev15
converting 352 920801_080923_Kuopio.lev15
converting 353 920801_080923_Kuujjuarapik.lev15
converting 354 920801_080923_Kuwait_University.lev15
converting 355 920801_080923_Kyiv.lev15
converting 356 920801_080923_LA-TM.lev15
converting 357 920801_080923_LAMTO.lev15
converting 358 920801_080923_LANAI.lev15
converting 359 920801_080923_LOS_FIEROS_98.lev15
converting 360 920801_080923_LW-SCAN.lev15
converting 361 920801_080923_La_Crau.lev15
converting 362 920801_080923_La_Jolla.lev15
converting 363 920801_080923_La_Laguna.lev15
converting 364 920801_080923_La_Parguera.lev15
converting 365 920801_080923_La_Paz.lev15
converting 366 920801_080923_Laegeren.lev15
converting 367 920801_080923_Lahore.lev15
converting 368 920801_080923_Lake_Argyle.lev15
converting 369 920801_080923_Lakeland_El_MS.lev15
converting 370 920801_080923_Lampedusa.lev15
converting 371 920801_080923_Lan_Yu_Island.lev15
converting 372 920801_080923_Lanai.lev15
converting 373 920801_080923_Lannion.lev15
converting 374 920801_080923_Lansdowne_HS.lev15
converting 375 920801_080923_Las_Cardes.lev15
converting 376 920801_080923_Latoya.lev15
converting 377 920801_080923_Le_Fauga.lev15
converting 378 920801_080923_Lecce_University.lev15
converting 379 920801_080923_Leicester.lev15
converting 380 920801_080923_Lhasa.lev15
converting 381 920801_080923_Liangning.lev15
converting 382 920801_080923_Lille.lev15
converting 383 920801_080923_Lochiel.lev15
converting 384 920801_080923_Longyearbyen.lev15
converting 385 920801_080923_Los_Alamos.lev15
converting 386 920801_080923_Los_Fieros.lev15
converting 387 920801_080923_Lulin.lev15
converting 388 920801_080923_Lunar_Lake.lev15
converting 389 920801_080923_Lydenburg.lev15
converting 390 920801_080923_MAARCO.lev15
converting 391 920801_080923_MALE.lev15
converting 392 920801_080923_MCO-Hanimaadhoo.lev15
converting 393 920801_080923_MD_Science_Center.lev15
converting 394 920801_080923_MISR-JPL.lev15
converting 395 920801_080923_MPI_Mainz.lev15
converting 396 920801_080923_MVCO.lev15
converting 397 920801_080923_Mace_Head.lev15
converting 398 920801_080923_Madison.lev15
converting 399 920801_080923_Mainz.lev15
converting 400 920801_080923_Mammoth_Lake.lev15
converting 401 920801_080923_Manaus.lev15
converting 402 920801_080923_Marambio.lev15
converting 403 920801_080923_Maricopa.lev15
converting 404 920801_080923_Marina.lev15
converting 405 920801_080923_Marseille.lev15
converting 406 920801_080923_Maun_Tower.lev15
converting 407 920801_080923_Mauna_Loa.lev15
converting 408 920801_080923_McMurdo.lev15
converting 409 920801_080923_Merredin.lev15
converting 410 920801_080923_Messina.lev15
converting 411 920801_080923_Mexico_City.lev15
converting 412 920801_080923_Mezaira.lev15
converting 413 920801_080923_Mfuwe.lev15
converting 414 920801_080923_Miami.lev15
converting 415 920801_080923_Midway_Island.lev15
converting 416 920801_080923_Milyering.lev15
converting 417 920801_080923_Minsk.lev15
converting 418 920801_080923_Missoula.lev15
converting 419 920801_080923_Mobile_C_050608.lev15
converting 420 920801_080923_Mobile_C_052208.lev15
converting 421 920801_080923_Mobile_C_060708.lev15
converting 422 920801_080923_Mobile_C_062308.lev15
converting 423 920801_080923_Mobile_DDun_051308W.lev15
converting 424 920801_080923_Mobile_Kanpur_East.lev15
converting 425 920801_080923_Mobile_Kanpur_SE.lev15
converting 426 920801_080923_Mobile_Kanpur_South.lev15
converting 427 920801_080923_Mobile_Kanpur_W2.lev15
converting 428 920801_080923_Mobile_Kanpur_West.lev15
converting 429 920801_080923_Mobile_N_050608.lev15
converting 430 920801_080923_Mobile_N_051308W.lev15
converting 431 920801_080923_Mobile_N_051508E.lev15
converting 432 920801_080923_Mobile_N_052208.lev15
converting 433 920801_080923_Mobile_N_052908W.lev15
converting 434 920801_080923_Mobile_N_053108E.lev15
converting 435 920801_080923_Mobile_N_060708.lev15
converting 436 920801_080923_Mobile_N_061408W.lev15
converting 437 920801_080923_Mobile_N_061608E.lev15
converting 438 920801_080923_Mobile_N_062308.lev15
converting 439 920801_080923_Mobile_S_050608.lev15
converting 440 920801_080923_Mobile_S_051308W.lev15
converting 441 920801_080923_Mobile_S_051508E.lev15
converting 442 920801_080923_Mobile_S_052908W.lev15
converting 443 920801_080923_Mobile_S_053108E.lev15
converting 444 920801_080923_Mobile_S_060708.lev15
converting 445 920801_080923_Mobile_S_061408W.lev15
converting 446 920801_080923_Mobile_S_062308.lev15
converting 447 920801_080923_Modena.lev15
converting 448 920801_080923_Moldova.lev15
converting 449 920801_080923_Monclova.lev15
converting 450 920801_080923_Mongu.lev15
converting 451 920801_080923_Mont_Joli.lev15
converting 452 920801_080923_Monterey.lev15
converting 453 920801_080923_Moscow_MSU_MO.lev15
converting 454 920801_080923_Moss_Landing.lev15
converting 455 920801_080923_Mount_Chacaltaya.lev15
converting 456 920801_080923_Mount_Gibbes.lev15
converting 457 920801_080923_Mt_Royal_ES_MS.lev15
converting 458 920801_080923_Mt_Washington_ES.lev15
converting 459 920801_080923_Mukdahan.lev15
converting 460 920801_080923_Munich_Maisach.lev15
converting 461 920801_080923_Munich_University.lev15
converting 462 920801_080923_Muscat.lev15
converting 463 920801_080923_Mussafa.lev15
converting 464 920801_080923_Mwinilunga.lev15
converting 465 920801_080923_NAM_CO.lev15
converting 466 920801_080923_NASA_Ames.lev15
converting 467 920801_080923_NASA_LaRC.lev15
converting 468 920801_080923_NCU_Taiwan.lev15
converting 469 920801_080923_NEW_YORK.lev15
converting 470 920801_080923_NSA_YJP_BOREAS.lev15
converting 471 920801_080923_NUIST.lev15
converting 472 920801_080923_Nainital.lev15
converting 473 920801_080923_Nairobi.lev15
converting 474 920801_080923_Nauru.lev15
converting 475 920801_080923_Ndola.lev15
converting 476 920801_080923_Nes_Ziona.lev15
converting 477 920801_080923_New_Delhi.lev15
converting 478 920801_080923_New_Hampshire_Univ.lev15
converting 479 920801_080923_Niabrara.lev15
converting 480 920801_080923_Niamey.lev15
converting 481 920801_080923_Nicelli_Airport.lev15
converting 482 920801_080923_Ningbo.lev15
converting 483 920801_080923_Norfolk_State_Univ.lev15
converting 484 920801_080923_North_Pole.lev15
converting 485 920801_080923_North_Slope.lev15
converting 486 920801_080923_Noto.lev15
converting 487 920801_080923_Ny_Alesund.lev15
converting 488 920801_080923_OBERNAI.lev15
converting 489 920801_080923_OBS-SSA.lev15
converting 490 920801_080923_OHP_OBSERVATOIRE.lev15
converting 491 920801_080923_OK_St_Univ.lev15
converting 492 920801_080923_OPAL.lev15
converting 493 920801_080923_OceolaNF.lev15
converting 494 920801_080923_OkefenokeeNWR.lev15
converting 495 920801_080923_Okinawa.lev15
converting 496 920801_080923_Omkoi.lev15
converting 497 920801_080923_Oostende.lev15
converting 498 920801_080923_Orizaba.lev15
converting 499 920801_080923_Osaka.lev15
converting 500 920801_080923_Ouagadougou.lev15
converting 501 920801_080923_Owens_Lake.lev15
converting 502 920801_080923_Oyster.lev15
converting 503 920801_080923_PEARL.lev15
converting 504 920801_080923_PKU_PEK.lev15
converting 505 920801_080923_PRINCE_ALBERT.lev15
converting 506 920801_080923_Paddockwood.lev15
converting 507 920801_080923_Palaiseau.lev15
converting 508 920801_080923_Palencia.lev15
converting 509 920801_080923_Palgrunden.lev15
converting 510 920801_080923_Panama_BCI.lev15
converting 511 920801_080923_Panki_Powerplant.lev15
converting 512 920801_080923_Pantanal.lev15
converting 513 920801_080923_Pantnagar.lev15
converting 514 920801_080923_Paris.lev15
converting 515 920801_080923_Park_Brasilia.lev15
converting 516 920801_080923_Patapsco_MS.lev15
converting 517 920801_080923_Penn_State_Univ.lev15
converting 518 920801_080923_Perth.lev15
converting 519 920801_080923_Petrolina_SONDA.lev15
converting 520 920801_080923_Philadelphia.lev15
converting 521 920801_080923_Pic_du_midi.lev15
converting 522 920801_080923_Pickle_Lake.lev15
converting 523 920801_080923_Pietersburg.lev15
converting 524 920801_080923_Pimai.lev15
converting 525 920801_080923_Pitres.lev15
converting 526 920801_080923_Porquerolles.lev15
converting 527 920801_080923_Porto_Nacional.lev15
converting 528 920801_080923_Porto_Velho.lev15
converting 529 920801_080923_Potosi_Mine.lev15
converting 530 920801_080923_Praia.lev15
converting 531 920801_080923_Prospect_Hill.lev15
converting 532 920801_080923_Puerto_Madryn.lev15
converting 533 920801_080923_Pullman.lev15
converting 534 920801_080923_Pune.lev15
converting 535 920801_080923_Puspiptek.lev15
converting 536 920801_080923_Qiandaohu.lev15
converting 537 920801_080923_Quarzazate.lev15
converting 538 920801_080923_REUNION_ST_DENIS.lev15
converting 539 920801_080923_Ragged_Point.lev15
converting 540 920801_080923_Railroad_Valley.lev15
converting 541 920801_080923_Rame_Head.lev15
converting 542 920801_080923_Ras_El_Ain.lev15
converting 543 920801_080923_Realtor.lev15
converting 544 920801_080923_Red_Bluff.lev15
converting 545 920801_080923_Red_Mountain_Pass.lev15
converting 546 920801_080923_Repressa_Samuel.lev15
converting 547 920801_080923_Resolute_Bay.lev15
converting 548 920801_080923_Richland.lev15
converting 549 920801_080923_Rimrock.lev15
converting 550 920801_080923_Rio_Branco.lev15
converting 551 920801_080923_Rio_Piedras.lev15
converting 552 920801_080923_Riverside_Park.lev15
converting 553 920801_080923_Robert_Poole_MS.lev15
converting 554 920801_080923_Rochester.lev15
converting 555 920801_080923_Rockville.lev15
converting 556 920801_080923_Rogers_Dry_Lake.lev15
converting 557 920801_080923_Rogers_Lake.lev15
converting 558 920801_080923_Rome_Tor_Vergata.lev15
converting 559 920801_080923_Roosevelt_Roads.lev15
converting 560 920801_080923_Rossfeld.lev15
converting 561 920801_080923_Rottnest_Island.lev15
converting 562 920801_080923_SACOL.lev15
converting 563 920801_080923_SANTA_CRUZ.lev15
converting 564 920801_080923_SANTA_CRUZ_UTEPSA.lev15
converting 565 920801_080923_SEDE_BOKER.lev15
converting 566 920801_080923_SERC.lev15
converting 567 920801_080923_SKUKUZA_AEROPORT.lev15
converting 568 920801_080923_SMART.lev15
converting 569 920801_080923_SMART_POL.lev15
converting 570 920801_080923_SMEX.lev15
converting 571 920801_080923_SMHI.lev15
converting 572 920801_080923_SSA_YJP_BOREAS.lev15
converting 573 920801_080923_SS_OJP_BOREAS.lev15
converting 574 920801_080923_Saada.lev15
converting 575 920801_080923_Saclay.lev15
converting 576 920801_080923_Saih_Salam.lev15
converting 577 920801_080923_Saint_Mandrier.lev15
converting 578 920801_080923_San_Nicolas.lev15
converting 579 920801_080923_Sandy_Hook.lev15
converting 580 920801_080923_Santa_Cruz_Tenerife.lev15
converting 581 920801_080923_Santarem.lev15
converting 582 920801_080923_Santiago.lev15
converting 583 920801_080923_Sao_Martinho_SONDA.lev15
converting 584 920801_080923_Sao_Paulo.lev15
converting 585 920801_080923_Saturn_Island.lev15
converting 586 920801_080923_Senanga.lev15
converting 587 920801_080923_Seoul_SNU.lev15
converting 588 920801_080923_Sesheke.lev15
converting 589 920801_080923_Sevastopol.lev15
converting 590 920801_080923_Sevilleta.lev15
converting 591 920801_080923_Shelton.lev15
converting 592 920801_080923_Shirahama.lev15
converting 593 920801_080923_Silpakorn_Univ.lev15
converting 594 920801_080923_Singapore.lev15
converting 595 920801_080923_Sinhgad.lev15
converting 596 920801_080923_Sioux_Falls.lev15
converting 597 920801_080923_Sioux_Falls_X.lev15
converting 598 920801_080923_Sir_Bu_Nuair.lev15
converting 599 920801_080923_Skukuza.lev15
converting 600 920801_080923_Smith_Island_CBF.lev15
converting 601 920801_080923_Sodankyla.lev15
converting 602 920801_080923_Solar_Village.lev15
converting 603 920801_080923_Solwezi.lev15
converting 604 920801_080923_Songkhla_Met_Sta.lev15
converting 605 920801_080923_Sopot.lev15
converting 606 920801_080923_South_Pole_Obs_NOAA.lev15
converting 607 920801_080923_Southeast_MS.lev15
converting 608 920801_080923_Spokane.lev15
converting 609 920801_080923_St_John_Island.lev15
converting 610 920801_080923_St_Timothys_Lane.lev15
converting 611 920801_080923_SteamboatSpring.lev15
converting 612 920801_080923_Stennis.lev15
converting 613 920801_080923_Sterling.lev15
converting 614 920801_080923_Sua_Pan.lev15
converting 615 920801_080923_Suffield.lev15
converting 616 920801_080923_Sugarcone.lev15
converting 617 920801_080923_Surinam.lev15
converting 618 920801_080923_Swakopmund.lev15
converting 619 920801_080923_T0_MAX_MEX.lev15
converting 620 920801_080923_T1_MAX_MEX.lev15
converting 621 920801_080923_T2_MAX_MEX.lev15
converting 622 920801_080923_TABLE_MOUNTAIN_CA.lev15
converting 623 920801_080923_THALA.lev15
converting 624 920801_080923_TOULOUSE.lev15
converting 625 920801_080923_Table_Mountain.lev15
converting 626 920801_080923_Tahiti.lev15
converting 627 920801_080923_Tahoe_City.lev15
converting 628 920801_080923_Taichung.lev15
converting 629 920801_080923_Taihu.lev15
converting 630 920801_080923_Taipei_CWB.lev15
converting 631 920801_080923_TallTimbers.lev15
converting 632 920801_080923_Talmudical_Academy.lev15
converting 633 920801_080923_Tamanrasset_INM.lev15
converting 634 920801_080923_Tamanrasset_TMP.lev15
converting 635 920801_080923_Tamihua.lev15
converting 636 920801_080923_Tampico_MAX_MEX.lev15
converting 637 920801_080923_Tarbes.lev15
converting 638 920801_080923_Tarbes_Etal.lev15
converting 639 920801_080923_Teide.lev15
converting 640 920801_080923_Teles_Peres.lev15
converting 641 920801_080923_Tenerife.lev15
converting 642 920801_080923_Tenosique.lev15
converting 643 920801_080923_The_Hague.lev15
converting 644 920801_080923_The_Mall.lev15
converting 645 920801_080923_Thessaloniki.lev15
converting 646 920801_080923_Thompson.lev15
converting 647 920801_080923_Thompson_Farm.lev15
converting 648 920801_080923_Thule.lev15
converting 649 920801_080923_Tinga_Tingana.lev15
converting 650 920801_080923_Tombstone.lev15
converting 651 920801_080923_Tomsk.lev15
converting 652 920801_080923_Tonopah_Airport.lev15
converting 653 920801_080923_Toravere.lev15
converting 654 920801_080923_Toronto.lev15
converting 655 920801_080923_Toulon.lev15
converting 656 920801_080923_Toulouse.lev15
converting 657 920801_080923_Trelew.lev15
converting 658 920801_080923_Tremiti.lev15
converting 659 920801_080923_Trinidad_Head.lev15
converting 660 920801_080923_Trivandrum.lev15
converting 661 920801_080923_Tromelin.lev15
converting 662 920801_080923_Tucson.lev15
converting 663 920801_080923_Tudor_Hill.lev15
converting 664 920801_080923_Tukurui.lev15
converting 665 920801_080923_Tuxtla_Gutierrez.lev15
converting 666 920801_080923_UAHuntsville.lev15
converting 667 920801_080923_UCLA.lev15
converting 668 920801_080923_UCSB.lev15
converting 669 920801_080923_USDA-BARC.lev15
converting 670 920801_080923_USDA-Howard.lev15
converting 671 920801_080923_USDA.lev15
converting 672 920801_080923_Uberlandia.lev15
converting 673 920801_080923_Ukiah.lev15
converting 674 920801_080923_Ulaangom.lev15
converting 675 920801_080923_Umm_Al_Quwain.lev15
converting 676 920801_080923_Univ_of_Houston.lev15
converting 677 920801_080923_Ussuriysk.lev15
converting 678 920801_080923_Valladolid_Sci.lev15
converting 679 920801_080923_Venise.lev15
converting 680 920801_080923_Veracruz_MAX_MEX.lev15
converting 681 920801_080923_Villefranche.lev15
converting 682 920801_080923_Vinon.lev15
converting 683 920801_080923_Vishkhapatnam.lev15
converting 684 920801_080923_Walker_Branch.lev15
converting 685 920801_080923_Wallops.lev15
converting 686 920801_080923_Waskesiu.lev15
converting 687 920801_080923_Waters_Art_Gallery.lev15
converting 688 920801_080923_White_Sands.lev15
converting 689 920801_080923_White_Sands_HELSTF.lev15
converting 690 920801_080923_Windsor_B.lev15
converting 691 920801_080923_Windsor_Corp_Park.lev15
converting 692 920801_080923_Windsor_M.lev15
converting 693 920801_080923_Wisconsin.lev15
converting 694 920801_080923_Wits_University.lev15
converting 695 920801_080923_Worthington_ES.lev15
converting 696 920801_080923_Xanthi.lev15
converting 697 920801_080923_XiangHe.lev15
converting 698 920801_080923_Xinglong.lev15
converting 699 920801_080923_Yakutsk.lev15
converting 700 920801_080923_Yaqui.lev15
converting 701 920801_080923_Yekaterinburg.lev15
converting 702 920801_080923_Yellowknife.lev15
converting 703 920801_080923_Yufa_PEK.lev15
converting 704 920801_080923_Yulin.lev15
converting 705 920801_080923_Zakum_Field.lev15
converting 706 920801_080923_Zambezi.lev15
converting 707 920801_080923_Zinder_DMN.lev15
converting 708 920801_080923_Zvenigorod.lev15
