#!/bin/bash

set -e
+ set -e

level=2.0
+ level=2.0
dataDir=/home/mlissa1/xing/a/aeronet-data/expanded/lev20/AOT/LEV20/ALL_POINTS
+ dataDir=/home/mlissa1/xing/a/aeronet-data/expanded/lev20/AOT/LEV20/ALL_POINTS
metaXML=/data/df3/xing/aeronet-data/xml/lev20.meta.xml
+ metaXML=/data/df3/xing/aeronet-data/xml/lev20.meta.xml
./txt/summarize.py $dataDir $level > $metaXML
+ ./txt/summarize.py /home/mlissa1/xing/a/aeronet-data/expanded/lev20/AOT/LEV20/ALL_POINTS 2.0

inDir=$dataDir
+ inDir=/home/mlissa1/xing/a/aeronet-data/expanded/lev20/AOT/LEV20/ALL_POINTS
outDir=/data/df3/xing/aeronet-data/xml/lev20
+ outDir=/data/df3/xing/aeronet-data/xml/lev20
python ./txt/txt2xml.py $level $metaXML $inDir $outDir
+ python ./txt/txt2xml.py 2.0 /data/df3/xing/aeronet-data/xml/lev20.meta.xml /home/mlissa1/xing/a/aeronet-data/expanded/lev20/AOT/LEV20/ALL_POINTS /data/df3/xing/aeronet-data/xml/lev20
converting 1 920801_081101_Abracos_Hill.lev20
converting 2 920801_081101_Abu_Al_Bukhoosh.lev20
converting 3 920801_081101_Abu_Dhabi.lev20
converting 4 920801_081101_Adelaide_Site_7.lev20
converting 5 920801_081101_Agoufou.lev20
converting 6 920801_081101_Aguas_Emendadas.lev20
converting 7 920801_081101_Ahi_De_Cara.lev20
converting 8 920801_081101_Aire_Adour.lev20
converting 9 920801_081101_Al_Ain.lev20
converting 10 920801_081101_Al_Dhafra.lev20
converting 11 920801_081101_Al_Khaznah.lev20
converting 12 920801_081101_Al_Qlaa.lev20
converting 13 920801_081101_Albany_Oregon.lev20
converting 14 920801_081101_Alta_Floresta.lev20
converting 15 920801_081101_Ames.lev20
converting 16 920801_081101_Amsterdam_Island.lev20
converting 17 920801_081101_Andenes.lev20
converting 18 920801_081101_Andros_Island.lev20
converting 19 920801_081101_Angiola.lev20
converting 20 920801_081101_Anmyon.lev20
converting 21 920801_081101_Appledore_Island.lev20
converting 22 920801_081101_Arica.lev20
converting 23 920801_081101_Ariquiums.lev20
converting 24 920801_081101_Armilla.lev20
converting 25 920801_081101_Ascension_Island.lev20
converting 26 920801_081101_Avignon.lev20
converting 27 920801_081101_Azores.lev20
converting 28 920801_081101_BAHRAIN.lev20
converting 29 920801_081101_BONDVILLE.lev20
converting 30 920801_081101_BORDEAUX.lev20
converting 31 920801_081101_BSRN_BAO_Boulder.lev20
converting 32 920801_081101_Bac_Giang.lev20
converting 33 920801_081101_Bac_Lieu.lev20
converting 34 920801_081101_BackGarden_GZ.lev20
converting 35 920801_081101_Bahrain.lev20
converting 36 920801_081101_Balbina.lev20
converting 37 920801_081101_Banizoumbou.lev20
converting 38 920801_081101_Barbados.lev20
converting 39 920801_081101_Barcelona.lev20
converting 40 920801_081101_Barrow.lev20
converting 41 920801_081101_Beijing.lev20
converting 42 920801_081101_Belsk.lev20
converting 43 920801_081101_Belterra.lev20
converting 44 920801_081101_Bermuda.lev20
converting 45 920801_081101_Bethlehem.lev20
converting 46 920801_081101_Biarritz.lev20
converting 47 920801_081101_Bidi_Bahn.lev20
converting 48 920801_081101_Big_Meadows.lev20
converting 49 920801_081101_Billerica.lev20
converting 50 920801_081101_Birdsville.lev20
converting 51 920801_081101_Black_Forest_AMF.lev20
converting 52 920801_081101_Blida.lev20
converting 53 920801_081101_Bodele.lev20
converting 54 920801_081101_Bonanza_Creek.lev20
converting 55 920801_081101_Bonanza_Creek_2.lev20
converting 56 920801_081101_Bondoukoui.lev20
converting 57 920801_081101_Bordman.lev20
converting 58 920801_081101_Boulder.lev20
converting 59 920801_081101_Bragansa.lev20
converting 60 920801_081101_Brasilia.lev20
converting 61 920801_081101_Bratts_Lake.lev20
converting 62 920801_081101_Brookhaven.lev20
converting 63 920801_081101_Brussels.lev20
converting 64 920801_081101_Bucarest.lev20
converting 65 920801_081101_Bucharest_Inoe.lev20
converting 66 920801_081101_Burtonsville.lev20
converting 67 920801_081101_CANDLE_LAKE.lev20
converting 68 920801_081101_CARTEL.lev20
converting 69 920801_081101_CART_SITE.lev20
converting 70 920801_081101_CCNY.lev20
converting 71 920801_081101_CEILAP-BA.lev20
converting 72 920801_081101_CEILAP-RG.lev20
converting 73 920801_081101_CEILAP-UTN.lev20
converting 74 920801_081101_COVE.lev20
converting 75 920801_081101_COVE_SEAPRISM.lev20
converting 76 920801_081101_CRYSTAL_FACE.lev20
converting 77 920801_081101_CUIABA-MIRANDA.lev20
converting 78 920801_081101_Cabauw.lev20
converting 79 920801_081101_Cabo_Raso.lev20
converting 80 920801_081101_Cabo_da_Roca.lev20
converting 81 920801_081101_Cairo_EMA.lev20
converting 82 920801_081101_Cairo_University.lev20
converting 83 920801_081101_Calipso_Ridgely.lev20
converting 84 920801_081101_Calipso_West_Denton.lev20
converting 85 920801_081101_Calipso_Zion.lev20
converting 86 920801_081101_Campo_Grande.lev20
converting 87 920801_081101_Campo_Grande_SONDA.lev20
converting 88 920801_081101_Canberra.lev20
converting 89 920801_081101_Cape_San_Juan.lev20
converting 90 920801_081101_Capo_Verde.lev20
converting 91 920801_081101_Carlsbad.lev20
converting 92 920801_081101_Carpentras.lev20
converting 93 920801_081101_Cart_Site.lev20
converting 94 920801_081101_Cartel_X.lev20
converting 95 920801_081101_Chao_Jou.lev20
converting 96 920801_081101_Chapais.lev20
converting 97 920801_081101_Chebogue_Point.lev20
converting 98 920801_081101_Chen-Kung_Univ.lev20
converting 99 920801_081101_Chequamegon.lev20
converting 100 920801_081101_Cheritan.lev20
converting 101 920801_081101_Chiang_Mai.lev20
converting 102 920801_081101_Chiang_Mai_Met_Sta.lev20
converting 103 920801_081101_Chilbolton.lev20
converting 104 920801_081101_China_Lake.lev20
converting 105 920801_081101_Chinhae.lev20
converting 106 920801_081101_Chulalongkorn.lev20
converting 107 920801_081101_Churchill.lev20
converting 108 920801_081101_City_GZ.lev20
converting 109 920801_081101_Clermont_Ferrand.lev20
converting 110 920801_081101_Coconut_Island.lev20
converting 111 920801_081101_Coleambally.lev20
converting 112 920801_081101_Columbia_SC.lev20
converting 113 920801_081101_Concepcion.lev20
converting 114 920801_081101_Corcoran.lev20
converting 115 920801_081101_Cordoba-CETT.lev20
converting 116 920801_081101_Creteil.lev20
converting 117 920801_081101_Crozet_Island.lev20
converting 118 920801_081101_Cuiaba.lev20
converting 119 920801_081101_DMN_Maine_Soroa.lev20
converting 120 920801_081101_Dahkla.lev20
converting 121 920801_081101_Dakar.lev20
converting 122 920801_081101_Dalanzadgad.lev20
converting 123 920801_081101_Dalma.lev20
converting 124 920801_081101_Darwin.lev20
converting 125 920801_081101_Davos.lev20
converting 126 920801_081101_Dead_Sea.lev20
converting 127 920801_081101_Dhabi.lev20
converting 128 920801_081101_Dhadnah.lev20
converting 129 920801_081101_Dharwar.lev20
converting 130 920801_081101_Djougou.lev20
converting 131 920801_081101_Dongsha_Island.lev20
converting 132 920801_081101_Dry_Tortugas.lev20
converting 133 920801_081101_Dunedin.lev20
converting 134 920801_081101_Dunhuang.lev20
converting 135 920801_081101_Dunkerque.lev20
converting 136 920801_081101_EIM-Sindos.lev20
converting 137 920801_081101_EOPACE1.lev20
converting 138 920801_081101_EOPACE2.lev20
converting 139 920801_081101_EPA-NCU.lev20
converting 140 920801_081101_ETNA.lev20
converting 141 920801_081101_EVK2-CNR.lev20
converting 142 920801_081101_Egbert.lev20
converting 143 920801_081101_Egbert_X.lev20
converting 144 920801_081101_El_Arenosillo.lev20
converting 145 920801_081101_El_Refugio.lev20
converting 146 920801_081101_Epanomi.lev20
converting 147 920801_081101_Etosha_Pan.lev20
converting 148 920801_081101_Evora.lev20
converting 149 920801_081101_FLIN_FLON.lev20
converting 150 920801_081101_FORTH_CRETE.lev20
converting 151 920801_081101_Fontainebleau.lev20
converting 152 920801_081101_Fort_McMurray.lev20
converting 153 920801_081101_Frenchman_Flat.lev20
converting 154 920801_081101_Fresno.lev20
converting 155 920801_081101_Fresno_X.lev20
converting 156 920801_081101_GISS.lev20
converting 157 920801_081101_GOA_INDIA.lev20
converting 158 920801_081101_GSFC.lev20
converting 159 920801_081101_Gaithersburg.lev20
converting 160 920801_081101_Gandhi_College.lev20
converting 161 920801_081101_Gerlitzen.lev20
converting 162 920801_081101_Gosan_SNU.lev20
converting 163 920801_081101_Gotland.lev20
converting 164 920801_081101_Granada.lev20
converting 165 920801_081101_Guadeloup.lev20
converting 166 920801_081101_Guam.lev20
converting 167 920801_081101_Gustav_Dalen_Tower.lev20
converting 168 920801_081101_Gwangju_K-JIST.lev20
converting 169 920801_081101_HJAndrews.lev20
converting 170 920801_081101_Hagerstown.lev20
converting 171 920801_081101_Halifax.lev20
converting 172 920801_081101_Hamburg.lev20
converting 173 920801_081101_Hamim.lev20
converting 174 920801_081101_Hampton_Roads.lev20
converting 175 920801_081101_Hangzhou-ZFU.lev20
converting 176 920801_081101_Harvard_Forest.lev20
converting 177 920801_081101_Hefei.lev20
converting 178 920801_081101_Helgoland.lev20
converting 179 920801_081101_Helsinki_Lighthouse.lev20
converting 180 920801_081101_Hermosillo.lev20
converting 181 920801_081101_Hog_Island.lev20
converting 182 920801_081101_Hong_Kong_Hok_Tsui.lev20
converting 183 920801_081101_Hong_Kong_PolyU.lev20
converting 184 920801_081101_Hornsund.lev20
converting 185 920801_081101_Howland.lev20
converting 186 920801_081101_Hua_Hin.lev20
converting 187 920801_081101_ICIPE-Mbita.lev20
converting 188 920801_081101_IER_Cinzana.lev20
converting 189 920801_081101_IFT-Leipzig.lev20
converting 190 920801_081101_IHOP-Homestead.lev20
converting 191 920801_081101_IMAA_Potenza.lev20
converting 192 920801_081101_IMC_Oristano.lev20
converting 193 920801_081101_IMS-METU-ERDEMLI.lev20
converting 194 920801_081101_ISDGM_CNR.lev20
converting 195 920801_081101_Ilorin.lev20
converting 196 920801_081101_Inhaca.lev20
converting 197 920801_081101_Inner_Mongolia.lev20
converting 198 920801_081101_Irkutsk.lev20
converting 199 920801_081101_Ispra.lev20
converting 200 920801_081101_Izana.lev20
converting 201 920801_081101_Jabal_Hafeet.lev20
converting 202 920801_081101_Jabiru.lev20
converting 203 920801_081101_Jamari.lev20
converting 204 920801_081101_Jaru_Reserve.lev20
converting 205 920801_081101_Ji_Parana.lev20
converting 206 920801_081101_Ji_Parana_SE.lev20
converting 207 920801_081101_Ji_Parana_UNIR.lev20
converting 208 920801_081101_Joberg.lev20
converting 209 920801_081101_JonesERC.lev20
converting 210 920801_081101_Jornada.lev20
converting 211 920801_081101_Jug_Bay.lev20
converting 212 920801_081101_KONZA_EDC.lev20
converting 213 920801_081101_Kaashidhoo.lev20
converting 214 920801_081101_Kaloma.lev20
converting 215 920801_081101_Kanpur.lev20
converting 216 920801_081101_Kanzelhohe_Obs.lev20
converting 217 920801_081101_Kaoma.lev20
converting 218 920801_081101_Karachi.lev20
converting 219 920801_081101_Karlsruhe.lev20
converting 220 920801_081101_Kasama.lev20
converting 221 920801_081101_Katibougou.lev20
converting 222 920801_081101_Kejimkujik.lev20
converting 223 920801_081101_Kellogg_LTER.lev20
converting 224 920801_081101_Kelowna.lev20
converting 225 920801_081101_Key_Biscayne.lev20
converting 226 920801_081101_Kibale.lev20
converting 227 920801_081101_Kolfield.lev20
converting 228 920801_081101_Kolimbari.lev20
converting 229 920801_081101_Krasnoyarsk.lev20
converting 230 920801_081101_Kuujjuarapik.lev20
converting 231 920801_081101_LOS_FIEROS_98.lev20
converting 232 920801_081101_LW-SCAN.lev20
converting 233 920801_081101_La_Crau.lev20
converting 234 920801_081101_La_Jolla.lev20
converting 235 920801_081101_La_Parguera.lev20
converting 236 920801_081101_La_Paz.lev20
converting 237 920801_081101_Laegeren.lev20
converting 238 920801_081101_Lake_Argyle.lev20
converting 239 920801_081101_Lampedusa.lev20
converting 240 920801_081101_Lanai.lev20
converting 241 920801_081101_Lannion.lev20
converting 242 920801_081101_Le_Fauga.lev20
converting 243 920801_081101_Lecce_University.lev20
converting 244 920801_081101_Leicester.lev20
converting 245 920801_081101_Liangning.lev20
converting 246 920801_081101_Lille.lev20
converting 247 920801_081101_Lochiel.lev20
converting 248 920801_081101_Longyearbyen.lev20
converting 249 920801_081101_Los_Alamos.lev20
converting 250 920801_081101_Los_Fieros.lev20
converting 251 920801_081101_Lulin.lev20
converting 252 920801_081101_Lunar_Lake.lev20
converting 253 920801_081101_MAARCO.lev20
converting 254 920801_081101_MALE.lev20
converting 255 920801_081101_MCO-Hanimaadhoo.lev20
converting 256 920801_081101_MD_Science_Center.lev20
converting 257 920801_081101_MISR-JPL.lev20
converting 258 920801_081101_MVCO.lev20
converting 259 920801_081101_Mace_Head.lev20
converting 260 920801_081101_Madison.lev20
converting 261 920801_081101_Mainz.lev20
converting 262 920801_081101_Maricopa.lev20
converting 263 920801_081101_Marseille.lev20
converting 264 920801_081101_Maun_Tower.lev20
converting 265 920801_081101_Mauna_Loa.lev20
converting 266 920801_081101_Messina.lev20
converting 267 920801_081101_Mexico_City.lev20
converting 268 920801_081101_Mezaira.lev20
converting 269 920801_081101_Mfuwe.lev20
converting 270 920801_081101_Midway_Island.lev20
converting 271 920801_081101_Minsk.lev20
converting 272 920801_081101_Missoula.lev20
converting 273 920801_081101_Modena.lev20
converting 274 920801_081101_Moldova.lev20
converting 275 920801_081101_Mongu.lev20
converting 276 920801_081101_Mont_Joli.lev20
converting 277 920801_081101_Monterey.lev20
converting 278 920801_081101_Moscow_MSU_MO.lev20
converting 279 920801_081101_Moss_Landing.lev20
converting 280 920801_081101_Mount_Chacaltaya.lev20
converting 281 920801_081101_Mount_Gibbes.lev20
converting 282 920801_081101_Mukdahan.lev20
converting 283 920801_081101_Munich_Maisach.lev20
converting 284 920801_081101_Munich_University.lev20
converting 285 920801_081101_Muscat.lev20
converting 286 920801_081101_Mussafa.lev20
converting 287 920801_081101_Mwinilunga.lev20
converting 288 920801_081101_NAM_CO.lev20
converting 289 920801_081101_NASA_Ames.lev20
converting 290 920801_081101_NASA_LaRC.lev20
converting 291 920801_081101_NCU_Taiwan.lev20
converting 292 920801_081101_NSA_YJP_BOREAS.lev20
converting 293 920801_081101_Nairobi.lev20
converting 294 920801_081101_Nauru.lev20
converting 295 920801_081101_Ndola.lev20
converting 296 920801_081101_Nes_Ziona.lev20
converting 297 920801_081101_Niabrara.lev20
converting 298 920801_081101_Niamey.lev20
converting 299 920801_081101_Nicelli_Airport.lev20
converting 300 920801_081101_Norfolk_State_Univ.lev20
converting 301 920801_081101_Noto.lev20
converting 302 920801_081101_Ny_Alesund.lev20
converting 303 920801_081101_OHP_OBSERVATOIRE.lev20
converting 304 920801_081101_OK_St_Univ.lev20
converting 305 920801_081101_OPAL.lev20
converting 306 920801_081101_OceolaNF.lev20
converting 307 920801_081101_OkefenokeeNWR.lev20
converting 308 920801_081101_Okinawa.lev20
converting 309 920801_081101_Omkoi.lev20
converting 310 920801_081101_Oostende.lev20
converting 311 920801_081101_Osaka.lev20
converting 312 920801_081101_Ouagadougou.lev20
converting 313 920801_081101_Owens_Lake.lev20
converting 314 920801_081101_Oyster.lev20
converting 315 920801_081101_PEARL.lev20
converting 316 920801_081101_PKU_PEK.lev20
converting 317 920801_081101_Paddockwood.lev20
converting 318 920801_081101_Palaiseau.lev20
converting 319 920801_081101_Palencia.lev20
converting 320 920801_081101_Panama_BCI.lev20
converting 321 920801_081101_Pantnagar.lev20
converting 322 920801_081101_Paris.lev20
converting 323 920801_081101_Penn_State_Univ.lev20
converting 324 920801_081101_Perth.lev20
converting 325 920801_081101_Petrolina_SONDA.lev20
converting 326 920801_081101_Philadelphia.lev20
converting 327 920801_081101_Pickle_Lake.lev20
converting 328 920801_081101_Pietersburg.lev20
converting 329 920801_081101_Pimai.lev20
converting 330 920801_081101_Pitres.lev20
converting 331 920801_081101_Porquerolles.lev20
converting 332 920801_081101_Porto_Nacional.lev20
converting 333 920801_081101_Porto_Velho.lev20
converting 334 920801_081101_Potosi_Mine.lev20
converting 335 920801_081101_Praia.lev20
converting 336 920801_081101_Prospect_Hill.lev20
converting 337 920801_081101_Quarzazate.lev20
converting 338 920801_081101_REUNION_ST_DENIS.lev20
converting 339 920801_081101_Railroad_Valley.lev20
converting 340 920801_081101_Rame_Head.lev20
converting 341 920801_081101_Ras_El_Ain.lev20
converting 342 920801_081101_Realtor.lev20
converting 343 920801_081101_Red_Bluff.lev20
converting 344 920801_081101_Red_Mountain_Pass.lev20
converting 345 920801_081101_Resolute_Bay.lev20
converting 346 920801_081101_Richland.lev20
converting 347 920801_081101_Rimrock.lev20
converting 348 920801_081101_Rio_Branco.lev20
converting 349 920801_081101_Rio_Piedras.lev20
converting 350 920801_081101_Rochester.lev20
converting 351 920801_081101_Rogers_Dry_Lake.lev20
converting 352 920801_081101_Rome_Tor_Vergata.lev20
converting 353 920801_081101_Roosevelt_Roads.lev20
converting 354 920801_081101_Rossfeld.lev20
converting 355 920801_081101_Rottnest_Island.lev20
converting 356 920801_081101_SACOL.lev20
converting 357 920801_081101_SANTA_CRUZ.lev20
converting 358 920801_081101_SANTA_CRUZ_UTEPSA.lev20
converting 359 920801_081101_SEDE_BOKER.lev20
converting 360 920801_081101_SERC.lev20
converting 361 920801_081101_SKUKUZA_AEROPORT.lev20
converting 362 920801_081101_SMART.lev20
converting 363 920801_081101_SMART_POL.lev20
converting 364 920801_081101_SMEX.lev20
converting 365 920801_081101_SMHI.lev20
converting 366 920801_081101_SSA_YJP_BOREAS.lev20
converting 367 920801_081101_SS_OJP_BOREAS.lev20
converting 368 920801_081101_Saada.lev20
converting 369 920801_081101_Saih_Salam.lev20
converting 370 920801_081101_San_Nicolas.lev20
converting 371 920801_081101_Sandy_Hook.lev20
converting 372 920801_081101_Santa_Cruz_Tenerife.lev20
converting 373 920801_081101_Santarem.lev20
converting 374 920801_081101_Santiago.lev20
converting 375 920801_081101_Sao_Paulo.lev20
converting 376 920801_081101_Saturn_Island.lev20
converting 377 920801_081101_Senanga.lev20
converting 378 920801_081101_Seoul_SNU.lev20
converting 379 920801_081101_Sesheke.lev20
converting 380 920801_081101_Sevastopol.lev20
converting 381 920801_081101_Sevilleta.lev20
converting 382 920801_081101_Shelton.lev20
converting 383 920801_081101_Shirahama.lev20
converting 384 920801_081101_Silpakorn_Univ.lev20
converting 385 920801_081101_Singapore.lev20
converting 386 920801_081101_Sioux_Falls.lev20
converting 387 920801_081101_Sioux_Falls_X.lev20
converting 388 920801_081101_Sir_Bu_Nuair.lev20
converting 389 920801_081101_Skukuza.lev20
converting 390 920801_081101_Sodankyla.lev20
converting 391 920801_081101_Solar_Village.lev20
converting 392 920801_081101_Solwezi.lev20
converting 393 920801_081101_Sopot.lev20
converting 394 920801_081101_South_Pole_Obs_NOAA.lev20
converting 395 920801_081101_Spokane.lev20
converting 396 920801_081101_Stennis.lev20
converting 397 920801_081101_Sterling.lev20
converting 398 920801_081101_Sua_Pan.lev20
converting 399 920801_081101_Surinam.lev20
converting 400 920801_081101_Swakopmund.lev20
converting 401 920801_081101_T0_MAX_MEX.lev20
converting 402 920801_081101_T1_MAX_MEX.lev20
converting 403 920801_081101_TABLE_MOUNTAIN_CA.lev20
converting 404 920801_081101_THALA.lev20
converting 405 920801_081101_TOULOUSE.lev20
converting 406 920801_081101_Table_Mountain.lev20
converting 407 920801_081101_Tahiti.lev20
converting 408 920801_081101_Taichung.lev20
converting 409 920801_081101_Taihu.lev20
converting 410 920801_081101_Taipei_CWB.lev20
converting 411 920801_081101_Tamanrasset_TMP.lev20
converting 412 920801_081101_Tamihua.lev20
converting 413 920801_081101_Tampico_MAX_MEX.lev20
converting 414 920801_081101_Tarbes.lev20
converting 415 920801_081101_Tenerife.lev20
converting 416 920801_081101_Tenosique.lev20
converting 417 920801_081101_The_Hague.lev20
converting 418 920801_081101_Thessaloniki.lev20
converting 419 920801_081101_Thompson.lev20
converting 420 920801_081101_Thompson_Farm.lev20
converting 421 920801_081101_Thule.lev20
converting 422 920801_081101_Tinga_Tingana.lev20
converting 423 920801_081101_Tombstone.lev20
converting 424 920801_081101_Tomsk.lev20
converting 425 920801_081101_Tonopah_Airport.lev20
converting 426 920801_081101_Toravere.lev20
converting 427 920801_081101_Toronto.lev20
converting 428 920801_081101_Toulon.lev20
converting 429 920801_081101_Toulouse.lev20
converting 430 920801_081101_Trelew.lev20
converting 431 920801_081101_Trinidad_Head.lev20
converting 432 920801_081101_Tucson.lev20
converting 433 920801_081101_Tukurui.lev20
converting 434 920801_081101_Tuxtla_Gutierrez.lev20
converting 435 920801_081101_UCLA.lev20
converting 436 920801_081101_UCSB.lev20
converting 437 920801_081101_USDA-BARC.lev20
converting 438 920801_081101_USDA-Howard.lev20
converting 439 920801_081101_USDA.lev20
converting 440 920801_081101_Uberlandia.lev20
converting 441 920801_081101_Ukiah.lev20
converting 442 920801_081101_Ulaangom.lev20
converting 443 920801_081101_Umm_Al_Quwain.lev20
converting 444 920801_081101_Univ_of_Houston.lev20
converting 445 920801_081101_Ussuriysk.lev20
converting 446 920801_081101_Venise.lev20
converting 447 920801_081101_Villefranche.lev20
converting 448 920801_081101_Vinon.lev20
converting 449 920801_081101_Walker_Branch.lev20
converting 450 920801_081101_Wallops.lev20
converting 451 920801_081101_Waskesiu.lev20
converting 452 920801_081101_White_Sands_HELSTF.lev20
converting 453 920801_081101_Windsor_B.lev20
converting 454 920801_081101_Wits_University.lev20
converting 455 920801_081101_XiangHe.lev20
converting 456 920801_081101_Xinglong.lev20
converting 457 920801_081101_Yakutsk.lev20
converting 458 920801_081101_Yaqui.lev20
converting 459 920801_081101_Yekaterinburg.lev20
converting 460 920801_081101_Yellowknife.lev20
converting 461 920801_081101_Yufa_PEK.lev20
converting 462 920801_081101_Yulin.lev20
converting 463 920801_081101_Zambezi.lev20
converting 464 920801_081101_Zvenigorod.lev20
