Fri Nov  7 07:16:52 PST 2008
loading /data/df3/xing/aeronet-data/xml/lev15.meta.xml
Fri Nov  7 07:16:55 PST 2008
loading /data/df3/xing/aeronet-data/xml/lev15/920801_080923_Abisko.lev15.xml
Fri Nov  7 07:16:58 PST 2008
loading /data/df3/xing/aeronet-data/xml/lev15/920801_080923_Abracos_Hill.lev15.xml
Fri Nov  7 07:17:45 PST 2008
loading /data/df3/xing/aeronet-data/xml/lev15/920801_080923_Abu_Al_Bukhoosh.lev15.xml
Fri Nov  7 07:18:38 PST 2008
loading /data/df3/xing/aeronet-data/xml/lev15/920801_080923_Abu_Dhabi.lev15.xml
Fri Nov  7 07:18:42 PST 2008
loading /data/df3/xing/aeronet-data/xml/lev15/920801_080923_Adelaide_Site_7.lev15.xml
Fri Nov  7 07:19:27 PST 2008
loading /data/df3/xing/aeronet-data/xml/lev15/920801_080923_Agoufou.lev15.xml
Fri Nov  7 07:21:59 PST 2008
loading /data/df3/xing/aeronet-data/xml/lev15/920801_080923_Agri_School.lev15.xml
Fri Nov  7 07:22:02 PST 2008
loading /data/df3/xing/aeronet-data/xml/lev15/920801_080923_Aguascalientes.lev15.xml
Fri Nov  7 07:22:05 PST 2008
loading /data/df3/xing/aeronet-data/xml/lev15/920801_080923_Aguas_Emendadas.lev15.xml
Fri Nov  7 07:22:09 PST 2008
loading /data/df3/xing/aeronet-data/xml/lev15/920801_080923_Ahi_De_Cara.lev15.xml
Fri Nov  7 07:22:12 PST 2008
loading /data/df3/xing/aeronet-data/xml/lev15/920801_080923_Ahmedabad.lev15.xml
Fri Nov  7 07:22:15 PST 2008
loading /data/df3/xing/aeronet-data/xml/lev15/920801_080923_Aire_Adour.lev15.xml
Fri Nov  7 07:22:29 PST 2008
loading /data/df3/xing/aeronet-data/xml/lev15/920801_080923_Al_Ain.lev15.xml
Fri Nov  7 07:22:35 PST 2008
loading /data/df3/xing/aeronet-data/xml/lev15/920801_080923_Albany_Oregon.lev15.xml
Fri Nov  7 07:22:38 PST 2008
loading /data/df3/xing/aeronet-data/xml/lev15/920801_080923_Albuquerque.lev15.xml
Fri Nov  7 07:22:43 PST 2008
loading /data/df3/xing/aeronet-data/xml/lev15/920801_080923_Al_Dhafra.lev15.xml
Fri Nov  7 07:22:58 PST 2008
loading /data/df3/xing/aeronet-data/xml/lev15/920801_080923_Al_Khaznah.lev15.xml
Fri Nov  7 07:23:10 PST 2008
loading /data/df3/xing/aeronet-data/xml/lev15/920801_080923_Al_Qlaa.lev15.xml
Fri Nov  7 07:23:17 PST 2008
loading /data/df3/xing/aeronet-data/xml/lev15/920801_080923_Alta_Floresta.lev15.xml
Fri Nov  7 07:24:55 PST 2008
loading /data/df3/xing/aeronet-data/xml/lev15/920801_080923_Ames.lev15.xml
Fri Nov  7 07:25:26 PST 2008
loading /data/df3/xing/aeronet-data/xml/lev15/920801_080923_Amsterdam_Island.lev15.xml
Fri Nov  7 07:25:43 PST 2008
loading /data/df3/xing/aeronet-data/xml/lev15/920801_080923_Andenes.lev15.xml
Fri Nov  7 07:25:56 PST 2008
loading /data/df3/xing/aeronet-data/xml/lev15/920801_080923_Andros_Island.lev15.xml
Fri Nov  7 07:26:02 PST 2008
loading /data/df3/xing/aeronet-data/xml/lev15/920801_080923_Angiola.lev15.xml
Fri Nov  7 07:26:09 PST 2008
loading /data/df3/xing/aeronet-data/xml/lev15/920801_080923_Anmyon.lev15.xml
Fri Nov  7 07:26:54 PST 2008
loading /data/df3/xing/aeronet-data/xml/lev15/920801_080923_AntarcticaDomeC.lev15.xml
Fri Nov  7 07:26:59 PST 2008
loading /data/df3/xing/aeronet-data/xml/lev15/920801_080923_Appledore_Island.lev15.xml
Fri Nov  7 07:27:08 PST 2008
loading /data/df3/xing/aeronet-data/xml/lev15/920801_080923_Arica.lev15.xml
Fri Nov  7 07:28:48 PST 2008
loading /data/df3/xing/aeronet-data/xml/lev15/920801_080923_Ariquiums.lev15.xml
Fri Nov  7 07:28:51 PST 2008
loading /data/df3/xing/aeronet-data/xml/lev15/920801_080923_Arizona.lev15.xml
Fri Nov  7 07:29:04 PST 2008
loading /data/df3/xing/aeronet-data/xml/lev15/920801_080923_Armilla.lev15.xml
Fri Nov  7 07:29:07 PST 2008
loading /data/df3/xing/aeronet-data/xml/lev15/920801_080923_Ascension_Island.lev15.xml
Fri Nov  7 07:30:31 PST 2008
loading /data/df3/xing/aeronet-data/xml/lev15/920801_080923_Asia1.lev15.xml
Fri Nov  7 07:30:34 PST 2008
loading /data/df3/xing/aeronet-data/xml/lev15/920801_080923_ATHENS-NOA.lev15.xml
Fri Nov  7 07:30:40 PST 2008
loading /data/df3/xing/aeronet-data/xml/lev15/920801_080923_Autilla.lev15.xml
Fri Nov  7 07:30:55 PST 2008
loading /data/df3/xing/aeronet-data/xml/lev15/920801_080923_Avignon.lev15.xml
Fri Nov  7 07:33:25 PST 2008
loading /data/df3/xing/aeronet-data/xml/lev15/920801_080923_Azores.lev15.xml
Fri Nov  7 07:33:43 PST 2008
loading /data/df3/xing/aeronet-data/xml/lev15/920801_080923_Bac_Giang.lev15.xml
Fri Nov  7 07:34:21 PST 2008
loading /data/df3/xing/aeronet-data/xml/lev15/920801_080923_BackGarden_GZ.lev15.xml
Fri Nov  7 07:34:25 PST 2008
loading /data/df3/xing/aeronet-data/xml/lev15/920801_080923_Bac_Lieu.lev15.xml
Fri Nov  7 07:34:44 PST 2008
loading /data/df3/xing/aeronet-data/xml/lev15/920801_080923_Bahrain.lev15.xml
Fri Nov  7 07:35:28 PST 2008
loading /data/df3/xing/aeronet-data/xml/lev15/920801_080923_BAHRAIN.lev15.xml
Fri Nov  7 07:36:03 PST 2008
loading /data/df3/xing/aeronet-data/xml/lev15/920801_080923_Balbina.lev15.xml
Fri Nov  7 07:36:28 PST 2008
loading /data/df3/xing/aeronet-data/xml/lev15/920801_080923_Baneasa.lev15.xml
Fri Nov  7 07:36:34 PST 2008
loading /data/df3/xing/aeronet-data/xml/lev15/920801_080923_Banizoumbou.lev15.xml
Fri Nov  7 07:40:12 PST 2008
loading /data/df3/xing/aeronet-data/xml/lev15/920801_080923_Barbados.lev15.xml
Fri Nov  7 07:40:47 PST 2008
loading /data/df3/xing/aeronet-data/xml/lev15/920801_080923_Barcelona.lev15.xml
Fri Nov  7 07:41:45 PST 2008
loading /data/df3/xing/aeronet-data/xml/lev15/920801_080923_Bareilly.lev15.xml
Fri Nov  7 07:41:50 PST 2008
loading /data/df3/xing/aeronet-data/xml/lev15/920801_080923_Barnaul.lev15.xml
Fri Nov  7 07:41:54 PST 2008
loading /data/df3/xing/aeronet-data/xml/lev15/920801_080923_Barrow.lev15.xml
Fri Nov  7 07:42:16 PST 2008
loading /data/df3/xing/aeronet-data/xml/lev15/920801_080923_BEIJING_2002.lev15.xml
Fri Nov  7 07:42:19 PST 2008
loading /data/df3/xing/aeronet-data/xml/lev15/920801_080923_Beijing.lev15.xml
Fri Nov  7 07:43:55 PST 2008
loading /data/df3/xing/aeronet-data/xml/lev15/920801_080923_Belsk.lev15.xml
Fri Nov  7 07:44:45 PST 2008
loading /data/df3/xing/aeronet-data/xml/lev15/920801_080923_Belterra.lev15.xml
Fri Nov  7 07:45:33 PST 2008
loading /data/df3/xing/aeronet-data/xml/lev15/920801_080923_Ben_McDhui.lev15.xml
Fri Nov  7 07:45:37 PST 2008
loading /data/df3/xing/aeronet-data/xml/lev15/920801_080923_Bermuda.lev15.xml
Fri Nov  7 07:46:22 PST 2008
loading /data/df3/xing/aeronet-data/xml/lev15/920801_080923_Bethlehem.lev15.xml
Fri Nov  7 07:46:58 PST 2008
loading /data/df3/xing/aeronet-data/xml/lev15/920801_080923_Biarritz.lev15.xml
Fri Nov  7 07:47:01 PST 2008
loading /data/df3/xing/aeronet-data/xml/lev15/920801_080923_Bidi_Bahn.lev15.xml
Fri Nov  7 07:47:27 PST 2008
loading /data/df3/xing/aeronet-data/xml/lev15/920801_080923_Biggs.lev15.xml
Fri Nov  7 07:47:31 PST 2008
loading /data/df3/xing/aeronet-data/xml/lev15/920801_080923_Big_Meadows.lev15.xml
Fri Nov  7 07:47:38 PST 2008
loading /data/df3/xing/aeronet-data/xml/lev15/920801_080923_Billerica.lev15.xml
Fri Nov  7 07:48:42 PST 2008
loading /data/df3/xing/aeronet-data/xml/lev15/920801_080923_Birdsville.lev15.xml
Fri Nov  7 07:50:14 PST 2008
loading /data/df3/xing/aeronet-data/xml/lev15/920801_080923_Black_Forest_AMF.lev15.xml
Fri Nov  7 07:50:17 PST 2008
loading /data/df3/xing/aeronet-data/xml/lev15/920801_080923_Blida.lev15.xml
Fri Nov  7 07:51:20 PST 2008
loading /data/df3/xing/aeronet-data/xml/lev15/920801_080923_Bodele.lev15.xml
Fri Nov  7 07:51:23 PST 2008
loading /data/df3/xing/aeronet-data/xml/lev15/920801_080923_Bonanza_Creek_2.lev15.xml
Fri Nov  7 07:52:26 PST 2008
loading /data/df3/xing/aeronet-data/xml/lev15/920801_080923_Bonanza_Creek.lev15.xml
Fri Nov  7 07:53:32 PST 2008
loading /data/df3/xing/aeronet-data/xml/lev15/920801_080923_Bondoukoui.lev15.xml
Fri Nov  7 07:54:06 PST 2008
loading /data/df3/xing/aeronet-data/xml/lev15/920801_080923_BONDVILLE.lev15.xml
Fri Nov  7 07:56:01 PST 2008
loading /data/df3/xing/aeronet-data/xml/lev15/920801_080923_BORDEAUX.lev15.xml
Fri Nov  7 07:56:21 PST 2008
loading /data/df3/xing/aeronet-data/xml/lev15/920801_080923_Bordman.lev15.xml
Fri Nov  7 07:56:24 PST 2008
loading /data/df3/xing/aeronet-data/xml/lev15/920801_080923_Boulder.lev15.xml
Fri Nov  7 07:56:29 PST 2008
loading /data/df3/xing/aeronet-data/xml/lev15/920801_080923_Bozeman.lev15.xml
Fri Nov  7 07:56:47 PST 2008
loading /data/df3/xing/aeronet-data/xml/lev15/920801_080923_Bragansa.lev15.xml
Fri Nov  7 07:56:50 PST 2008
loading /data/df3/xing/aeronet-data/xml/lev15/920801_080923_Brasilia.lev15.xml
Fri Nov  7 07:57:18 PST 2008
loading /data/df3/xing/aeronet-data/xml/lev15/920801_080923_Bratts_Lake.lev15.xml
Fri Nov  7 07:59:38 PST 2008
loading /data/df3/xing/aeronet-data/xml/lev15/920801_080923_Brookhaven.lev15.xml
Fri Nov  7 07:59:59 PST 2008
loading /data/df3/xing/aeronet-data/xml/lev15/920801_080923_Brussels.lev15.xml
Fri Nov  7 08:00:13 PST 2008
loading /data/df3/xing/aeronet-data/xml/lev15/920801_080923_BSRN_BAO_Boulder.lev15.xml
Fri Nov  7 08:02:13 PST 2008
loading /data/df3/xing/aeronet-data/xml/lev15/920801_080923_Bucarest.lev15.xml
Fri Nov  7 08:02:26 PST 2008
loading /data/df3/xing/aeronet-data/xml/lev15/920801_080923_Bucharest_Inoe.lev15.xml
Fri Nov  7 08:02:40 PST 2008
loading /data/df3/xing/aeronet-data/xml/lev15/920801_080923_Buena_Vista.lev15.xml
Fri Nov  7 08:02:42 PST 2008
loading /data/df3/xing/aeronet-data/xml/lev15/920801_080923_Burjassot.lev15.xml
Fri Nov  7 08:03:08 PST 2008
loading /data/df3/xing/aeronet-data/xml/lev15/920801_080923_Burtonsville.lev15.xml
Fri Nov  7 08:03:13 PST 2008
loading /data/df3/xing/aeronet-data/xml/lev15/920801_080923_Bushland.lev15.xml
Fri Nov  7 08:03:24 PST 2008
loading /data/df3/xing/aeronet-data/xml/lev15/920801_080923_Cabauw.lev15.xml
Fri Nov  7 08:03:54 PST 2008
loading /data/df3/xing/aeronet-data/xml/lev15/920801_080923_Cabo_da_Roca.lev15.xml
Fri Nov  7 08:04:34 PST 2008
loading /data/df3/xing/aeronet-data/xml/lev15/920801_080923_Cabo_Raso.lev15.xml
Fri Nov  7 08:04:44 PST 2008
loading /data/df3/xing/aeronet-data/xml/lev15/920801_080923_Caceres.lev15.xml
Fri Nov  7 08:05:41 PST 2008
loading /data/df3/xing/aeronet-data/xml/lev15/920801_080923_Cairo_EMA.lev15.xml
Fri Nov  7 08:05:55 PST 2008
loading /data/df3/xing/aeronet-data/xml/lev15/920801_080923_Cairo_University.lev15.xml
Fri Nov  7 08:06:04 PST 2008
loading /data/df3/xing/aeronet-data/xml/lev15/920801_080923_Calipso_Ashburn.lev15.xml
Fri Nov  7 08:06:07 PST 2008
loading /data/df3/xing/aeronet-data/xml/lev15/920801_080923_Calipso_Bowers_Rd.lev15.xml
Fri Nov  7 08:06:10 PST 2008
loading /data/df3/xing/aeronet-data/xml/lev15/920801_080923_Calipso_Braddock_Rd.lev15.xml
Fri Nov  7 08:06:12 PST 2008
loading /data/df3/xing/aeronet-data/xml/lev15/920801_080923_Calipso_Brookview.lev15.xml
Fri Nov  7 08:06:15 PST 2008
loading /data/df3/xing/aeronet-data/xml/lev15/920801_080923_Calipso_Church_Hill.lev15.xml
Fri Nov  7 08:06:18 PST 2008
loading /data/df3/xing/aeronet-data/xml/lev15/920801_080923_Calipso_Church_H_Rd.lev15.xml
Fri Nov  7 08:06:21 PST 2008
loading /data/df3/xing/aeronet-data/xml/lev15/920801_080923_Calipso_Cooper_Rd.lev15.xml
Fri Nov  7 08:06:24 PST 2008
loading /data/df3/xing/aeronet-data/xml/lev15/920801_080923_Calipso_Crouse_Mill.lev15.xml
Fri Nov  7 08:06:27 PST 2008
loading /data/df3/xing/aeronet-data/xml/lev15/920801_080923_Calipso_Dean_Rd.lev15.xml
Fri Nov  7 08:06:30 PST 2008
loading /data/df3/xing/aeronet-data/xml/lev15/920801_080923_Calipso_Fincastle.lev15.xml
Fri Nov  7 08:06:33 PST 2008
loading /data/df3/xing/aeronet-data/xml/lev15/920801_080923_Calipso_Flat_Iron.lev15.xml
Fri Nov  7 08:06:35 PST 2008
loading /data/df3/xing/aeronet-data/xml/lev15/920801_080923_Calipso_Harrison_Rd.lev15.xml
Fri Nov  7 08:06:38 PST 2008
loading /data/df3/xing/aeronet-data/xml/lev15/920801_080923_Calipso_Hillsboro_E.lev15.xml
Fri Nov  7 08:06:41 PST 2008
loading /data/df3/xing/aeronet-data/xml/lev15/920801_080923_Calipso_Hillsboro.lev15.xml
Fri Nov  7 08:06:44 PST 2008
loading /data/df3/xing/aeronet-data/xml/lev15/920801_080923_Calipso_Hurlock.lev15.xml
Fri Nov  7 08:06:47 PST 2008
loading /data/df3/xing/aeronet-data/xml/lev15/920801_080923_Calipso_Kennedyvill.lev15.xml
Fri Nov  7 08:06:50 PST 2008
loading /data/df3/xing/aeronet-data/xml/lev15/920801_080923_Calipso_Kinchaloe.lev15.xml
Fri Nov  7 08:06:53 PST 2008
loading /data/df3/xing/aeronet-data/xml/lev15/920801_080923_Calipso_Loudon_Rd.lev15.xml
Fri Nov  7 08:06:56 PST 2008
loading /data/df3/xing/aeronet-data/xml/lev15/920801_080923_Calipso_Mardela_Spr.lev15.xml
Fri Nov  7 08:06:59 PST 2008
loading /data/df3/xing/aeronet-data/xml/lev15/920801_080923_Calipso_Morgnec_Rd.lev15.xml
Fri Nov  7 08:07:02 PST 2008
loading /data/df3/xing/aeronet-data/xml/lev15/920801_080923_Calipso_Ninetown_Rd.lev15.xml
Fri Nov  7 08:07:04 PST 2008
loading /data/df3/xing/aeronet-data/xml/lev15/920801_080923_Calipso_NUFerry_Rd.lev15.xml
Fri Nov  7 08:07:07 PST 2008
loading /data/df3/xing/aeronet-data/xml/lev15/920801_080923_Calipso_Ormand_MS.lev15.xml
Fri Nov  7 08:07:10 PST 2008
loading /data/df3/xing/aeronet-data/xml/lev15/920801_080923_Calipso_Peckman_Frm.lev15.xml
Fri Nov  7 08:07:13 PST 2008
loading /data/df3/xing/aeronet-data/xml/lev15/920801_080923_Calipso_Perryville.lev15.xml
Fri Nov  7 08:07:16 PST 2008
loading /data/df3/xing/aeronet-data/xml/lev15/920801_080923_Calipso_Pine_Cove.lev15.xml
Fri Nov  7 08:07:18 PST 2008
loading /data/df3/xing/aeronet-data/xml/lev15/920801_080923_Calipso_Poplar_Tree.lev15.xml
Fri Nov  7 08:07:21 PST 2008
loading /data/df3/xing/aeronet-data/xml/lev15/920801_080923_Calipso_Price.lev15.xml
Fri Nov  7 08:07:24 PST 2008
loading /data/df3/xing/aeronet-data/xml/lev15/920801_080923_Calipso_Princess_An.lev15.xml
Fri Nov  7 08:07:27 PST 2008
loading /data/df3/xing/aeronet-data/xml/lev15/920801_080923_Calipso_Prt_Deposit.lev15.xml
Fri Nov  7 08:07:30 PST 2008
loading /data/df3/xing/aeronet-data/xml/lev15/920801_080923_Calipso_Ridgely.lev15.xml
Fri Nov  7 08:07:33 PST 2008
loading /data/df3/xing/aeronet-data/xml/lev15/920801_080923_Calipso_Sanders_ES.lev15.xml
Fri Nov  7 08:07:36 PST 2008
loading /data/df3/xing/aeronet-data/xml/lev15/920801_080923_Calipso_Sterling_PO.lev15.xml
Fri Nov  7 08:07:38 PST 2008
loading /data/df3/xing/aeronet-data/xml/lev15/920801_080923_Calipso_Strasburg.lev15.xml
Fri Nov  7 08:07:41 PST 2008
loading /data/df3/xing/aeronet-data/xml/lev15/920801_080923_Calipso_Tuckahoe.lev15.xml
Fri Nov  7 08:07:44 PST 2008
loading /data/df3/xing/aeronet-data/xml/lev15/920801_080923_Calipso_Vienna.lev15.xml
Fri Nov  7 08:07:47 PST 2008
loading /data/df3/xing/aeronet-data/xml/lev15/920801_080923_Calipso_Washtn_High.lev15.xml
Fri Nov  7 08:07:49 PST 2008
loading /data/df3/xing/aeronet-data/xml/lev15/920801_080923_Calipso_West_Denton.lev15.xml
Fri Nov  7 08:07:53 PST 2008
loading /data/df3/xing/aeronet-data/xml/lev15/920801_080923_Calipso_Westfield_H.lev15.xml
Fri Nov  7 08:07:55 PST 2008
loading /data/df3/xing/aeronet-data/xml/lev15/920801_080923_Calipso_White_Marsh.lev15.xml
Fri Nov  7 08:07:58 PST 2008
loading /data/df3/xing/aeronet-data/xml/lev15/920801_080923_Calipso_WillistonLk.lev15.xml
Fri Nov  7 08:08:01 PST 2008
loading /data/df3/xing/aeronet-data/xml/lev15/920801_080923_Calipso_W_Mardela.lev15.xml
Fri Nov  7 08:08:04 PST 2008
loading /data/df3/xing/aeronet-data/xml/lev15/920801_080923_Calipso_WofDenton.lev15.xml
Fri Nov  7 08:08:07 PST 2008
loading /data/df3/xing/aeronet-data/xml/lev15/920801_080923_Calipso_W_Strasburg.lev15.xml
Fri Nov  7 08:08:09 PST 2008
loading /data/df3/xing/aeronet-data/xml/lev15/920801_080923_Calipso_Zion.lev15.xml
Fri Nov  7 08:08:15 PST 2008
loading /data/df3/xing/aeronet-data/xml/lev15/920801_080923_Campo_Grande.lev15.xml
Fri Nov  7 08:08:19 PST 2008
loading /data/df3/xing/aeronet-data/xml/lev15/920801_080923_Campo_Grande_SONDA.lev15.xml
Fri Nov  7 08:09:11 PST 2008
loading /data/df3/xing/aeronet-data/xml/lev15/920801_080923_CAMPO_VERDE.lev15.xml
Fri Nov  7 08:09:14 PST 2008
loading /data/df3/xing/aeronet-data/xml/lev15/920801_080923_Canberra.lev15.xml
Fri Nov  7 08:10:42 PST 2008
loading /data/df3/xing/aeronet-data/xml/lev15/920801_080923_CANDLE_LAKE.lev15.xml
Fri Nov  7 08:10:45 PST 2008
loading /data/df3/xing/aeronet-data/xml/lev15/920801_080923_Cape_San_Juan.lev15.xml
Fri Nov  7 08:11:12 PST 2008
loading /data/df3/xing/aeronet-data/xml/lev15/920801_080923_Capo_Verde.lev15.xml
Fri Nov  7 08:13:26 PST 2008
loading /data/df3/xing/aeronet-data/xml/lev15/920801_080923_Carlsbad.lev15.xml
Fri Nov  7 08:13:39 PST 2008
loading /data/df3/xing/aeronet-data/xml/lev15/920801_080923_Carpentras.lev15.xml
Fri Nov  7 08:15:29 PST 2008
loading /data/df3/xing/aeronet-data/xml/lev15/920801_080923_CARTEL.lev15.xml
Fri Nov  7 08:17:13 PST 2008
loading /data/df3/xing/aeronet-data/xml/lev15/920801_080923_Cartel_X.lev15.xml
Fri Nov  7 08:17:17 PST 2008
loading /data/df3/xing/aeronet-data/xml/lev15/920801_080923_Cart_Site.lev15.xml
Fri Nov  7 08:19:12 PST 2008
loading /data/df3/xing/aeronet-data/xml/lev15/920801_080923_CART_SITE.lev15.xml
Fri Nov  7 08:19:17 PST 2008
loading /data/df3/xing/aeronet-data/xml/lev15/920801_080923_Catonsville.lev15.xml
Fri Nov  7 08:19:20 PST 2008
loading /data/df3/xing/aeronet-data/xml/lev15/920801_080923_CCNY.lev15.xml
Fri Nov  7 08:20:14 PST 2008
loading /data/df3/xing/aeronet-data/xml/lev15/920801_080923_CEILAP-BA.lev15.xml
Fri Nov  7 08:22:22 PST 2008
loading /data/df3/xing/aeronet-data/xml/lev15/920801_080923_CEILAP-RG.lev15.xml
Fri Nov  7 08:22:46 PST 2008
loading /data/df3/xing/aeronet-data/xml/lev15/920801_080923_CEILAP-UTN.lev15.xml
Fri Nov  7 08:22:50 PST 2008
loading /data/df3/xing/aeronet-data/xml/lev15/920801_080923_Chao_Jou.lev15.xml
Fri Nov  7 08:22:53 PST 2008
loading /data/df3/xing/aeronet-data/xml/lev15/920801_080923_Chapada.lev15.xml
Fri Nov  7 08:22:56 PST 2008
loading /data/df3/xing/aeronet-data/xml/lev15/920801_080923_Chapais.lev15.xml
Fri Nov  7 08:23:19 PST 2008
loading /data/df3/xing/aeronet-data/xml/lev15/920801_080923_Chebogue_Point.lev15.xml
Fri Nov  7 08:23:22 PST 2008
loading /data/df3/xing/aeronet-data/xml/lev15/920801_080923_Chen-Kung_Univ.lev15.xml
Fri Nov  7 08:23:48 PST 2008
loading /data/df3/xing/aeronet-data/xml/lev15/920801_080923_Chequamegon.lev15.xml
Fri Nov  7 08:24:12 PST 2008
loading /data/df3/xing/aeronet-data/xml/lev15/920801_080923_Cheritan.lev15.xml
Fri Nov  7 08:24:16 PST 2008
loading /data/df3/xing/aeronet-data/xml/lev15/920801_080923_Chiang_Mai.lev15.xml
Fri Nov  7 08:24:21 PST 2008
loading /data/df3/xing/aeronet-data/xml/lev15/920801_080923_Chiang_Mai_Met_Sta.lev15.xml
Fri Nov  7 08:24:35 PST 2008
loading /data/df3/xing/aeronet-data/xml/lev15/920801_080923_Chilbolton.lev15.xml
Fri Nov  7 08:24:54 PST 2008
loading /data/df3/xing/aeronet-data/xml/lev15/920801_080923_China_Lake.lev15.xml
Fri Nov  7 08:25:01 PST 2008
loading /data/df3/xing/aeronet-data/xml/lev15/920801_080923_Chinhae.lev15.xml
Fri Nov  7 08:25:06 PST 2008
loading /data/df3/xing/aeronet-data/xml/lev15/920801_080923_Chitrakoot.lev15.xml
Fri Nov  7 08:25:09 PST 2008
loading /data/df3/xing/aeronet-data/xml/lev15/920801_080923_Chulalongkorn.lev15.xml
Fri Nov  7 08:25:19 PST 2008
loading /data/df3/xing/aeronet-data/xml/lev15/920801_080923_Churchill.lev15.xml
Fri Nov  7 08:25:41 PST 2008
loading /data/df3/xing/aeronet-data/xml/lev15/920801_080923_City_GZ.lev15.xml
Fri Nov  7 08:25:43 PST 2008
loading /data/df3/xing/aeronet-data/xml/lev15/920801_080923_Clermont_Ferrand.lev15.xml
Fri Nov  7 08:25:48 PST 2008
loading /data/df3/xing/aeronet-data/xml/lev15/920801_080923_Clifton_Park.lev15.xml
Fri Nov  7 08:25:51 PST 2008
loading /data/df3/xing/aeronet-data/xml/lev15/920801_080923_Coconut_Island.lev15.xml
Fri Nov  7 08:26:21 PST 2008
loading /data/df3/xing/aeronet-data/xml/lev15/920801_080923_Cold_Lake.lev15.xml
Fri Nov  7 08:26:24 PST 2008
loading /data/df3/xing/aeronet-data/xml/lev15/920801_080923_Coleambally.lev15.xml
Fri Nov  7 08:26:50 PST 2008
loading /data/df3/xing/aeronet-data/xml/lev15/920801_080923_Colorado.lev15.xml
Fri Nov  7 08:26:52 PST 2008
loading /data/df3/xing/aeronet-data/xml/lev15/920801_080923_Columbia_SC.lev15.xml
Fri Nov  7 08:27:23 PST 2008
loading /data/df3/xing/aeronet-data/xml/lev15/920801_080923_Concepcion.lev15.xml
Fri Nov  7 08:27:33 PST 2008
loading /data/df3/xing/aeronet-data/xml/lev15/920801_080923_Corcoran.lev15.xml
Fri Nov  7 08:27:55 PST 2008
loading /data/df3/xing/aeronet-data/xml/lev15/920801_080923_Cordoba-CETT.lev15.xml
Fri Nov  7 08:29:41 PST 2008
loading /data/df3/xing/aeronet-data/xml/lev15/920801_080923_COVE.lev15.xml
Fri Nov  7 08:31:29 PST 2008
loading /data/df3/xing/aeronet-data/xml/lev15/920801_080923_COVE_SEAPRISM.lev15.xml
Fri Nov  7 08:32:04 PST 2008
loading /data/df3/xing/aeronet-data/xml/lev15/920801_080923_Creteil.lev15.xml
Fri Nov  7 08:32:13 PST 2008
loading /data/df3/xing/aeronet-data/xml/lev15/920801_080923_CRETE.lev15.xml
Fri Nov  7 08:32:23 PST 2008
loading /data/df3/xing/aeronet-data/xml/lev15/920801_080923_Crozet_Island.lev15.xml
Fri Nov  7 08:32:34 PST 2008
loading /data/df3/xing/aeronet-data/xml/lev15/920801_080923_CRPSM_Malindi.lev15.xml
Fri Nov  7 08:32:46 PST 2008
loading /data/df3/xing/aeronet-data/xml/lev15/920801_080923_CRYSTAL_FACE.lev15.xml
Fri Nov  7 08:32:49 PST 2008
loading /data/df3/xing/aeronet-data/xml/lev15/920801_080923_CUIABA_01.lev15.xml
Fri Nov  7 08:32:53 PST 2008
loading /data/df3/xing/aeronet-data/xml/lev15/920801_080923_CUIABA_02.lev15.xml
Fri Nov  7 08:32:57 PST 2008
loading /data/df3/xing/aeronet-data/xml/lev15/920801_080923_Cuiaba.lev15.xml
Fri Nov  7 08:33:17 PST 2008
loading /data/df3/xing/aeronet-data/xml/lev15/920801_080923_CUIABA-MIRANDA.lev15.xml
Fri Nov  7 08:34:18 PST 2008
loading /data/df3/xing/aeronet-data/xml/lev15/920801_080923_Dahkla.lev15.xml
Fri Nov  7 08:35:21 PST 2008
loading /data/df3/xing/aeronet-data/xml/lev15/920801_080923_Dakar.lev15.xml
Fri Nov  7 08:37:55 PST 2008
loading /data/df3/xing/aeronet-data/xml/lev15/920801_080923_Dalanzadgad.lev15.xml
Fri Nov  7 08:39:50 PST 2008
loading /data/df3/xing/aeronet-data/xml/lev15/920801_080923_Dalma.lev15.xml
Fri Nov  7 08:40:03 PST 2008
loading /data/df3/xing/aeronet-data/xml/lev15/920801_080923_Darwin.lev15.xml
Fri Nov  7 08:40:42 PST 2008
loading /data/df3/xing/aeronet-data/xml/lev15/920801_080923_Davos.lev15.xml
Fri Nov  7 08:41:10 PST 2008
loading /data/df3/xing/aeronet-data/xml/lev15/920801_080923_Dead_Horse.lev15.xml
Fri Nov  7 08:41:13 PST 2008
loading /data/df3/xing/aeronet-data/xml/lev15/920801_080923_Dead_Sea.lev15.xml
Fri Nov  7 08:41:28 PST 2008
loading /data/df3/xing/aeronet-data/xml/lev15/920801_080923_Dhabi.lev15.xml
Fri Nov  7 08:42:40 PST 2008
loading /data/df3/xing/aeronet-data/xml/lev15/920801_080923_Dhadnah.lev15.xml
Fri Nov  7 08:44:19 PST 2008
loading /data/df3/xing/aeronet-data/xml/lev15/920801_080923_Dharwar.lev15.xml
Fri Nov  7 08:44:27 PST 2008
loading /data/df3/xing/aeronet-data/xml/lev15/920801_080923_Dilar.lev15.xml
Fri Nov  7 08:44:34 PST 2008
loading /data/df3/xing/aeronet-data/xml/lev15/920801_080923_Djougou.lev15.xml
Fri Nov  7 08:45:28 PST 2008
loading /data/df3/xing/aeronet-data/xml/lev15/920801_080923_DMN_Maine_Soroa.lev15.xml
Fri Nov  7 08:46:21 PST 2008
loading /data/df3/xing/aeronet-data/xml/lev15/920801_080923_Dongsha_Island.lev15.xml
Fri Nov  7 08:46:25 PST 2008
loading /data/df3/xing/aeronet-data/xml/lev15/920801_080923_Dry_Tortugas.lev15.xml
Fri Nov  7 08:48:24 PST 2008
loading /data/df3/xing/aeronet-data/xml/lev15/920801_080923_Dunedin.lev15.xml
Fri Nov  7 08:48:43 PST 2008
loading /data/df3/xing/aeronet-data/xml/lev15/920801_080923_Dunhuang.lev15.xml
Fri Nov  7 08:48:47 PST 2008
loading /data/df3/xing/aeronet-data/xml/lev15/920801_080923_Dunkerque.lev15.xml
Fri Nov  7 08:49:17 PST 2008
loading /data/df3/xing/aeronet-data/xml/lev15/920801_080923_Egbert.lev15.xml
Fri Nov  7 08:50:53 PST 2008
loading /data/df3/xing/aeronet-data/xml/lev15/920801_080923_Egbert_X.lev15.xml
Fri Nov  7 08:51:25 PST 2008
loading /data/df3/xing/aeronet-data/xml/lev15/920801_080923_Eilat.lev15.xml
Fri Nov  7 08:51:46 PST 2008
loading /data/df3/xing/aeronet-data/xml/lev15/920801_080923_EIM-Sindos.lev15.xml
Fri Nov  7 08:51:49 PST 2008
loading /data/df3/xing/aeronet-data/xml/lev15/920801_080923_El_Arenosillo.lev15.xml
Fri Nov  7 08:54:41 PST 2008
loading /data/df3/xing/aeronet-data/xml/lev15/920801_080923_Ellington_Field.lev15.xml
Fri Nov  7 08:54:44 PST 2008
loading /data/df3/xing/aeronet-data/xml/lev15/920801_080923_El_Refugio.lev15.xml
Fri Nov  7 08:54:49 PST 2008
loading /data/df3/xing/aeronet-data/xml/lev15/920801_080923_EOPACE1.lev15.xml
Fri Nov  7 08:54:53 PST 2008
loading /data/df3/xing/aeronet-data/xml/lev15/920801_080923_EOPACE2.lev15.xml
Fri Nov  7 08:54:56 PST 2008
loading /data/df3/xing/aeronet-data/xml/lev15/920801_080923_EPA-NCU.lev15.xml
Fri Nov  7 08:55:15 PST 2008
loading /data/df3/xing/aeronet-data/xml/lev15/920801_080923_Epanomi.lev15.xml
Fri Nov  7 08:55:19 PST 2008
loading /data/df3/xing/aeronet-data/xml/lev15/920801_080923_Ersa.lev15.xml
Fri Nov  7 08:55:29 PST 2008
loading /data/df3/xing/aeronet-data/xml/lev15/920801_080923_ETNA.lev15.xml
Fri Nov  7 08:55:58 PST 2008
loading /data/df3/xing/aeronet-data/xml/lev15/920801_080923_Etosha_Pan.lev15.xml
Fri Nov  7 08:56:20 PST 2008
loading /data/df3/xing/aeronet-data/xml/lev15/920801_080923_EVK2-CNR.lev15.xml
Fri Nov  7 08:56:49 PST 2008
loading /data/df3/xing/aeronet-data/xml/lev15/920801_080923_Evora.lev15.xml
Fri Nov  7 08:58:17 PST 2008
loading /data/df3/xing/aeronet-data/xml/lev15/920801_080923_FLIN_FLON.lev15.xml
Fri Nov  7 08:58:27 PST 2008
loading /data/df3/xing/aeronet-data/xml/lev15/920801_080923_Flor_De_Oro.lev15.xml
Fri Nov  7 08:58:30 PST 2008
loading /data/df3/xing/aeronet-data/xml/lev15/920801_080923_Fontainebleau.lev15.xml
Fri Nov  7 08:59:12 PST 2008
loading /data/df3/xing/aeronet-data/xml/lev15/920801_080923_FORTH_CRETE.lev15.xml
Fri Nov  7 09:00:56 PST 2008
loading /data/df3/xing/aeronet-data/xml/lev15/920801_080923_Fort_McMurray.lev15.xml
Fri Nov  7 09:01:35 PST 2008
loading /data/df3/xing/aeronet-data/xml/lev15/920801_080923_Frederick_Douglas.lev15.xml
Fri Nov  7 09:01:37 PST 2008
loading /data/df3/xing/aeronet-data/xml/lev15/920801_080923_Frenchman_Flat.lev15.xml
Fri Nov  7 09:02:06 PST 2008
loading /data/df3/xing/aeronet-data/xml/lev15/920801_080923_Fresno.lev15.xml
Fri Nov  7 09:04:02 PST 2008
loading /data/df3/xing/aeronet-data/xml/lev15/920801_080923_Fresno_X.lev15.xml
Fri Nov  7 09:04:07 PST 2008
loading /data/df3/xing/aeronet-data/xml/lev15/920801_080923_Gaithersburg.lev15.xml
Fri Nov  7 09:04:11 PST 2008
loading /data/df3/xing/aeronet-data/xml/lev15/920801_080923_Gandhi_College.lev15.xml
Fri Nov  7 09:04:36 PST 2008
loading /data/df3/xing/aeronet-data/xml/lev15/920801_080923_Gerlitzen.lev15.xml
Fri Nov  7 09:04:42 PST 2008
loading /data/df3/xing/aeronet-data/xml/lev15/920801_080923_GISS.lev15.xml
Fri Nov  7 09:05:20 PST 2008
loading /data/df3/xing/aeronet-data/xml/lev15/920801_080923_Glendale_Park.lev15.xml
Fri Nov  7 09:05:23 PST 2008
loading /data/df3/xing/aeronet-data/xml/lev15/920801_080923_GOA_INDIA.lev15.xml
Fri Nov  7 09:05:30 PST 2008
loading /data/df3/xing/aeronet-data/xml/lev15/920801_080923_GORDO_rest.lev15.xml
Fri Nov  7 09:05:33 PST 2008
loading /data/df3/xing/aeronet-data/xml/lev15/920801_080923_Gosan_SNU.lev15.xml
Fri Nov  7 09:05:59 PST 2008
loading /data/df3/xing/aeronet-data/xml/lev15/920801_080923_Gotland.lev15.xml
Fri Nov  7 09:06:30 PST 2008
loading /data/df3/xing/aeronet-data/xml/lev15/920801_080923_Granada.lev15.xml
Fri Nov  7 09:07:40 PST 2008
loading /data/df3/xing/aeronet-data/xml/lev15/920801_080923_Great_Falls.lev15.xml
Fri Nov  7 09:07:43 PST 2008
loading /data/df3/xing/aeronet-data/xml/lev15/920801_080923_Greenbelt_Park.lev15.xml
Fri Nov  7 09:07:46 PST 2008
loading /data/df3/xing/aeronet-data/xml/lev15/920801_080923_GSFC.lev15.xml
Fri Nov  7 09:11:05 PST 2008
loading /data/df3/xing/aeronet-data/xml/lev15/920801_080923_Guadeloup.lev15.xml
Fri Nov  7 09:11:48 PST 2008
loading /data/df3/xing/aeronet-data/xml/lev15/920801_080923_Guam.lev15.xml
Fri Nov  7 09:12:01 PST 2008
loading /data/df3/xing/aeronet-data/xml/lev15/920801_080923_Gustav_Dalen_Tower.lev15.xml
Fri Nov  7 09:12:27 PST 2008
loading /data/df3/xing/aeronet-data/xml/lev15/920801_080923_Gwangju_K-JIST.lev15.xml
Fri Nov  7 09:12:57 PST 2008
loading /data/df3/xing/aeronet-data/xml/lev15/920801_080923_Hagerstown.lev15.xml
Fri Nov  7 09:13:00 PST 2008
loading /data/df3/xing/aeronet-data/xml/lev15/920801_080923_Halifax.lev15.xml
Fri Nov  7 09:13:59 PST 2008
loading /data/df3/xing/aeronet-data/xml/lev15/920801_080923_Hamburg.lev15.xml
Fri Nov  7 09:14:39 PST 2008
loading /data/df3/xing/aeronet-data/xml/lev15/920801_080923_HAMI.lev15.xml
Fri Nov  7 09:14:42 PST 2008
loading /data/df3/xing/aeronet-data/xml/lev15/920801_080923_Hamilton_El_MS.lev15.xml
Fri Nov  7 09:14:45 PST 2008
loading /data/df3/xing/aeronet-data/xml/lev15/920801_080923_Hamim.lev15.xml
Fri Nov  7 09:15:48 PST 2008
loading /data/df3/xing/aeronet-data/xml/lev15/920801_080923_Hampton_Roads.lev15.xml
Fri Nov  7 09:15:54 PST 2008
loading /data/df3/xing/aeronet-data/xml/lev15/920801_080923_Hand_E_050608.lev15.xml
Fri Nov  7 09:15:57 PST 2008
loading /data/df3/xing/aeronet-data/xml/lev15/920801_080923_Hand_E_060708.lev15.xml
Fri Nov  7 09:16:00 PST 2008
loading /data/df3/xing/aeronet-data/xml/lev15/920801_080923_Hand_E_062308.lev15.xml
Fri Nov  7 09:16:03 PST 2008
loading /data/df3/xing/aeronet-data/xml/lev15/920801_080923_Hand_Kanpur_North.lev15.xml
Fri Nov  7 09:16:06 PST 2008
loading /data/df3/xing/aeronet-data/xml/lev15/920801_080923_Hand_Kanpur_Panki.lev15.xml
Fri Nov  7 09:16:09 PST 2008
loading /data/df3/xing/aeronet-data/xml/lev15/920801_080923_Hand_Kanpur_RR.lev15.xml
Fri Nov  7 09:16:13 PST 2008
loading /data/df3/xing/aeronet-data/xml/lev15/920801_080923_Hand_Kanpur_South.lev15.xml
Fri Nov  7 09:16:16 PST 2008
loading /data/df3/xing/aeronet-data/xml/lev15/920801_080923_Hand_N_050608.lev15.xml
Fri Nov  7 09:16:19 PST 2008
loading /data/df3/xing/aeronet-data/xml/lev15/920801_080923_Hand_N_060708.lev15.xml
Fri Nov  7 09:16:21 PST 2008
loading /data/df3/xing/aeronet-data/xml/lev15/920801_080923_Hand_N_062308.lev15.xml
Fri Nov  7 09:16:24 PST 2008
loading /data/df3/xing/aeronet-data/xml/lev15/920801_080923_Hand_S_050608.lev15.xml
Fri Nov  7 09:16:27 PST 2008
loading /data/df3/xing/aeronet-data/xml/lev15/920801_080923_Hand_S_060708.lev15.xml
Fri Nov  7 09:16:30 PST 2008
loading /data/df3/xing/aeronet-data/xml/lev15/920801_080923_Hand_S_062308.lev15.xml
Fri Nov  7 09:16:32 PST 2008
loading /data/df3/xing/aeronet-data/xml/lev15/920801_080923_Hand_W_050608.lev15.xml
Fri Nov  7 09:16:35 PST 2008
loading /data/df3/xing/aeronet-data/xml/lev15/920801_080923_Hand_W_060708.lev15.xml
Fri Nov  7 09:16:38 PST 2008
loading /data/df3/xing/aeronet-data/xml/lev15/920801_080923_Hand_W_062308.lev15.xml
Fri Nov  7 09:16:41 PST 2008
loading /data/df3/xing/aeronet-data/xml/lev15/920801_080923_Hangzhou_City.lev15.xml
Fri Nov  7 09:16:45 PST 2008
loading /data/df3/xing/aeronet-data/xml/lev15/920801_080923_Hangzhou-ZFU.lev15.xml
Fri Nov  7 09:16:53 PST 2008
loading /data/df3/xing/aeronet-data/xml/lev15/920801_080923_Harvard_Forest.lev15.xml
Fri Nov  7 09:17:11 PST 2008
loading /data/df3/xing/aeronet-data/xml/lev15/920801_080923_Hawaii.lev15.xml
Fri Nov  7 09:17:13 PST 2008
loading /data/df3/xing/aeronet-data/xml/lev15/920801_080923_Hefei.lev15.xml
Fri Nov  7 09:17:21 PST 2008
loading /data/df3/xing/aeronet-data/xml/lev15/920801_080923_Helgoland.lev15.xml
Fri Nov  7 09:17:39 PST 2008
loading /data/df3/xing/aeronet-data/xml/lev15/920801_080923_Helsinki_Lighthouse.lev15.xml
Fri Nov  7 09:18:00 PST 2008
loading /data/df3/xing/aeronet-data/xml/lev15/920801_080923_Hermosillo.lev15.xml
Fri Nov  7 09:18:24 PST 2008
loading /data/df3/xing/aeronet-data/xml/lev15/920801_080923_HJAndrews.lev15.xml
Fri Nov  7 09:20:36 PST 2008
loading /data/df3/xing/aeronet-data/xml/lev15/920801_080923_Hog_Island.lev15.xml
Fri Nov  7 09:20:41 PST 2008
loading /data/df3/xing/aeronet-data/xml/lev15/920801_080923_Homburi.lev15.xml
Fri Nov  7 09:20:57 PST 2008
loading /data/df3/xing/aeronet-data/xml/lev15/920801_080923_Hong_Kong_Hok_Tsui.lev15.xml
Fri Nov  7 09:21:03 PST 2008
loading /data/df3/xing/aeronet-data/xml/lev15/920801_080923_Hong_Kong_PolyU.lev15.xml
Fri Nov  7 09:21:19 PST 2008
loading /data/df3/xing/aeronet-data/xml/lev15/920801_080923_Honolulu.lev15.xml
Fri Nov  7 09:21:22 PST 2008
loading /data/df3/xing/aeronet-data/xml/lev15/920801_080923_Hornsund.lev15.xml
Fri Nov  7 09:21:36 PST 2008
loading /data/df3/xing/aeronet-data/xml/lev15/920801_080923_Hotan.lev15.xml
Fri Nov  7 09:21:39 PST 2008
loading /data/df3/xing/aeronet-data/xml/lev15/920801_080923_Howland.lev15.xml
Fri Nov  7 09:22:38 PST 2008
loading /data/df3/xing/aeronet-data/xml/lev15/920801_080923_Hua_Hin.lev15.xml
Fri Nov  7 09:22:46 PST 2008
loading /data/df3/xing/aeronet-data/xml/lev15/920801_080923_Huang_Shan.lev15.xml
Fri Nov  7 09:22:50 PST 2008
loading /data/df3/xing/aeronet-data/xml/lev15/920801_080923_Hyytiala.lev15.xml
Fri Nov  7 09:22:58 PST 2008
loading /data/df3/xing/aeronet-data/xml/lev15/920801_080923_ICIPE-Mbita.lev15.xml
Fri Nov  7 09:23:31 PST 2008
loading /data/df3/xing/aeronet-data/xml/lev15/920801_080923_IER_Cinzana.lev15.xml
Fri Nov  7 09:25:21 PST 2008
loading /data/df3/xing/aeronet-data/xml/lev15/920801_080923_IFT-Leipzig.lev15.xml
Fri Nov  7 09:25:56 PST 2008
loading /data/df3/xing/aeronet-data/xml/lev15/920801_080923_IHOP-Homestead.lev15.xml
Fri Nov  7 09:26:01 PST 2008
loading /data/df3/xing/aeronet-data/xml/lev15/920801_080923_Ilorin.lev15.xml
Fri Nov  7 09:27:26 PST 2008
loading /data/df3/xing/aeronet-data/xml/lev15/920801_080923_IMAA_Potenza.lev15.xml
Fri Nov  7 09:28:25 PST 2008
loading /data/df3/xing/aeronet-data/xml/lev15/920801_080923_IMC_Oristano.lev15.xml
Fri Nov  7 09:29:22 PST 2008
loading /data/df3/xing/aeronet-data/xml/lev15/920801_080923_IMS-METU-ERDEMLI.lev15.xml
Fri Nov  7 09:31:13 PST 2008
loading /data/df3/xing/aeronet-data/xml/lev15/920801_080923_Inhaca.lev15.xml
Fri Nov  7 09:31:45 PST 2008
loading /data/df3/xing/aeronet-data/xml/lev15/920801_080923_Inner_Mongolia.lev15.xml
Fri Nov  7 09:31:49 PST 2008
loading /data/df3/xing/aeronet-data/xml/lev15/920801_080923_Iqaluit.lev15.xml
Fri Nov  7 09:32:02 PST 2008
loading /data/df3/xing/aeronet-data/xml/lev15/920801_080923_Irkutsk.lev15.xml
Fri Nov  7 09:32:16 PST 2008
loading /data/df3/xing/aeronet-data/xml/lev15/920801_080923_ISDGM_CNR.lev15.xml
Fri Nov  7 09:33:13 PST 2008
loading /data/df3/xing/aeronet-data/xml/lev15/920801_080923_Ispra.lev15.xml
Fri Nov  7 09:35:25 PST 2008
loading /data/df3/xing/aeronet-data/xml/lev15/920801_080923_Issyk-Kul.lev15.xml
Fri Nov  7 09:35:48 PST 2008
loading /data/df3/xing/aeronet-data/xml/lev15/920801_080923_Izana.lev15.xml
script/load_15.sh: line 28:  4850 Segmentation fault      $tool -l "mysql://root:sciflo@127.0.0.1:$port/$db" --recordTag record --keyTag dt -t $table -u $x
